<?xml version="1.0" encoding="UTF-8"?>
<testsuite xmlns:xsi="http://www.w3.org/2001/XMLSchema-instance" xsi:noNamespaceSchemaLocation="https://maven.apache.org/surefire/maven-surefire-plugin/xsd/surefire-test-report-3.0.xsd" version="3.0" name="com.nxtclass.integration.UserIntegrationTest" time="7.066" tests="1" errors="0" skipped="0" failures="1">
  <properties>
[...]
</properties>
  <testcase name="testCompleteUserWorkflow" classname="com.nxtclass.integration.UserIntegrationTest" time="1.086">
    <failure message="Status expected:&lt;200&gt; but was:&lt;404&gt;" type="java.lang.AssertionError"><![CDATA[java.lang.AssertionError: Status expected:<200> but was:<404>
	at org.springframework.test.util.AssertionErrors.fail(AssertionErrors.java:59)
	at org.springframework.test.util.AssertionErrors.assertEquals(AssertionErrors.java:122)
	at org.springframework.test.web.servlet.result.StatusResultMatchers.lambda$matcher$9(StatusResultMatchers.java:637)
	at org.springframework.test.web.servlet.MockMvc$1.andExpect(MockMvc.java:214)
	at com.nxtclass.integration.UserIntegrationTest.testCompleteUserWorkflow(UserIntegrationTest.java:95)
	at java.base/java.lang.reflect.Method.invoke(Method.java:580)
	at java.base/java.util.ArrayList.forEach(ArrayList.java:1596)
	at java.base/java.util.ArrayList.forEach(ArrayList.java:1596)
]]></failure>
    <system-out><![CDATA[2025-10-21T21:45:11.270Z  INFO 2815 --- [nxt-class-backend] [           main] t.c.s.AnnotationConfigContextLoaderUtils : Could not detect default configuration classes for test class [com.nxtclass.integration.UserIntegrationTest]: UserIntegrationTest does not declare any static, non-private, non-final, nested classes annotated with @Configuration.
2025-10-21T21:45:11.288Z  INFO 2815 --- [nxt-class-backend] [           main] .b.t.c.SpringBootTestContextBootstrapper : Found @SpringBootConfiguration com.nxtclass.BackendApplication for test class com.nxtclass.integration.UserIntegrationTest
2025-10-21T21:45:11.297Z  INFO 2815 --- [nxt-class-backend] [           main] o.s.b.d.r.RestartApplicationListener     : Restart disabled due to context in which it is running

  .   ____          _            __ _ _
 /\\ / ___'_ __ _ _(_)_ __  __ _ \ \ \ \
( ( )\___ | '_ | '_| | '_ \/ _` | \ \ \ \
 \\/  ___)| |_)| | | | | || (_| |  ) ) ) )
  '  |____| .__|_| |_|_| |_\__, | / / / /
 =========|_|==============|___/=/_/_/_/
 :: Spring Boot ::                (v3.2.0)

2025-10-21T21:45:11.357Z  INFO 2815 --- [nxt-class-backend] [           main] c.n.integration.UserIntegrationTest      : Starting UserIntegrationTest using Java 21.0.8 with PID 2815 (started by ubuntu in /workspace/backend)
2025-10-21T21:45:11.361Z DEBUG 2815 --- [nxt-class-backend] [           main] c.n.integration.UserIntegrationTest      : Running with Spring Boot v3.2.0, Spring v6.1.1
2025-10-21T21:45:11.362Z  INFO 2815 --- [nxt-class-backend] [           main] c.n.integration.UserIntegrationTest      : The following 1 profile is active: "test"
2025-10-21T21:45:12.057Z  INFO 2815 --- [nxt-class-backend] [           main] .s.d.r.c.RepositoryConfigurationDelegate : Bootstrapping Spring Data JPA repositories in DEFAULT mode.
2025-10-21T21:45:12.087Z  INFO 2815 --- [nxt-class-backend] [           main] .s.d.r.c.RepositoryConfigurationDelegate : Finished Spring Data repository scanning in 29 ms. Found 4 JPA repository interfaces.
2025-10-21T21:45:12.667Z  INFO 2815 --- [nxt-class-backend] [           main] o.hibernate.jpa.internal.util.LogHelper  : HHH000204: Processing PersistenceUnitInfo [name: default]
2025-10-21T21:45:12.674Z  INFO 2815 --- [nxt-class-backend] [           main] o.h.c.internal.RegionFactoryInitiator    : HHH000026: Second-level cache disabled
2025-10-21T21:45:12.681Z  INFO 2815 --- [nxt-class-backend] [           main] o.s.o.j.p.SpringPersistenceUnitInfo      : No LoadTimeWeaver setup: ignoring JPA class transformer
2025-10-21T21:45:12.682Z  INFO 2815 --- [nxt-class-backend] [           main] com.zaxxer.hikari.HikariDataSource       : HikariPool-2 - Starting...
2025-10-21T21:45:12.688Z  INFO 2815 --- [nxt-class-backend] [           main] com.zaxxer.hikari.pool.HikariPool        : HikariPool-2 - Added connection conn10: url=jdbc:h2:mem:testdb user=SA
2025-10-21T21:45:12.688Z  INFO 2815 --- [nxt-class-backend] [           main] com.zaxxer.hikari.HikariDataSource       : HikariPool-2 - Start completed.
2025-10-21T21:45:12.689Z  WARN 2815 --- [nxt-class-backend] [           main] org.hibernate.orm.deprecation            : HHH90000025: H2Dialect does not need to be specified explicitly using 'hibernate.dialect' (remove the property setting and it will be selected by default)
2025-10-21T21:45:12.936Z  INFO 2815 --- [nxt-class-backend] [           main] o.h.e.t.j.p.i.JtaPlatformInitiator       : HHH000489: No JTA platform available (set 'hibernate.transaction.jta.platform' to enable JTA platform integration)
2025-10-21T21:45:12.941Z DEBUG 2815 --- [nxt-class-backend] [           main] org.hibernate.SQL                        : 
    drop table if exists announcements cascade 
Hibernate: 
    drop table if exists announcements cascade 
2025-10-21T21:45:12.944Z DEBUG 2815 --- [nxt-class-backend] [           main] org.hibernate.SQL                        : 
    drop table if exists assignments cascade 
Hibernate: 
    drop table if exists assignments cascade 
2025-10-21T21:45:12.948Z DEBUG 2815 --- [nxt-class-backend] [           main] org.hibernate.SQL                        : 
    drop table if exists class_sessions cascade 
Hibernate: 
    drop table if exists class_sessions cascade 
2025-10-21T21:45:12.949Z DEBUG 2815 --- [nxt-class-backend] [           main] org.hibernate.SQL                        : 
    drop table if exists users cascade 
Hibernate: 
    drop table if exists users cascade 
2025-10-21T21:45:12.950Z DEBUG 2815 --- [nxt-class-backend] [           main] org.hibernate.SQL                        : 
    create table announcements (
        date date not null,
        created_at timestamp(6) not null,
        id bigint generated by default as identity,
        updated_at timestamp(6),
        author varchar(255) not null,
        content TEXT not null,
        priority varchar(255) not null check (priority in ('LOW','MEDIUM','HIGH')),
        title varchar(255) not null,
        primary key (id)
    )
Hibernate: 
    create table announcements (
        date date not null,
        created_at timestamp(6) not null,
        id bigint generated by default as identity,
        updated_at timestamp(6),
        author varchar(255) not null,
        content TEXT not null,
        priority varchar(255) not null check (priority in ('LOW','MEDIUM','HIGH')),
        title varchar(255) not null,
        primary key (id)
    )
2025-10-21T21:45:12.956Z DEBUG 2815 --- [nxt-class-backend] [           main] org.hibernate.SQL                        : 
    create table assignments (
        due_date date not null,
        grade integer,
        total_points integer not null,
        created_at timestamp(6) not null,
        id bigint generated by default as identity,
        updated_at timestamp(6),
        description TEXT,
        status varchar(255) not null check (status in ('PENDING','SUBMITTED','GRADED')),
        subject varchar(255) not null,
        title varchar(255) not null,
        primary key (id)
    )
Hibernate: 
    create table assignments (
        due_date date not null,
        grade integer,
        total_points integer not null,
        created_at timestamp(6) not null,
        id bigint generated by default as identity,
        updated_at timestamp(6),
        description TEXT,
        status varchar(255) not null check (status in ('PENDING','SUBMITTED','GRADED')),
        subject varchar(255) not null,
        title varchar(255) not null,
        primary key (id)
    )
2025-10-21T21:45:12.962Z DEBUG 2815 --- [nxt-class-backend] [           main] org.hibernate.SQL                        : 
    create table class_sessions (
        date date not null,
        duration integer not null,
        participants integer not null,
        time time(6) not null,
        created_at timestamp(6) not null,
        id bigint generated by default as identity,
        updated_at timestamp(6),
        status varchar(255) not null check (status in ('UPCOMING','LIVE','COMPLETED')),
        subject varchar(255) not null,
        teacher varchar(255) not null,
        title varchar(255) not null,
        primary key (id)
    )
Hibernate: 
    create table class_sessions (
        date date not null,
        duration integer not null,
        participants integer not null,
        time time(6) not null,
        created_at timestamp(6) not null,
        id bigint generated by default as identity,
        updated_at timestamp(6),
        status varchar(255) not null check (status in ('UPCOMING','LIVE','COMPLETED')),
        subject varchar(255) not null,
        teacher varchar(255) not null,
        title varchar(255) not null,
        primary key (id)
    )
2025-10-21T21:45:12.965Z DEBUG 2815 --- [nxt-class-backend] [           main] org.hibernate.SQL                        : 
    create table users (
        created_at timestamp(6) not null,
        id bigint generated by default as identity,
        updated_at timestamp(6),
        avatar_url varchar(255),
        email varchar(255) not null unique,
        name varchar(255) not null,
        organization varchar(255),
        password varchar(255) not null,
        role varchar(255) not null check (role in ('ORGADMIN','TEACHER','STUDENT')),
        status varchar(255) not null check (status in ('ACTIVE','INACTIVE')),
        primary key (id)
    )
Hibernate: 
    create table users (
        created_at timestamp(6) not null,
        id bigint generated by default as identity,
        updated_at timestamp(6),
        avatar_url varchar(255),
        email varchar(255) not null unique,
        name varchar(255) not null,
        organization varchar(255),
        password varchar(255) not null,
        role varchar(255) not null check (role in ('ORGADMIN','TEACHER','STUDENT')),
        status varchar(255) not null check (status in ('ACTIVE','INACTIVE')),
        primary key (id)
    )
2025-10-21T21:45:12.971Z  INFO 2815 --- [nxt-class-backend] [           main] j.LocalContainerEntityManagerFactoryBean : Initialized JPA EntityManagerFactory for persistence unit 'default'
2025-10-21T21:45:13.996Z  WARN 2815 --- [nxt-class-backend] [           main] JpaBaseConfiguration$JpaWebConfiguration : spring.jpa.open-in-view is enabled by default. Therefore, database queries may be performed during view rendering. Explicitly configure spring.jpa.open-in-view to disable this warning
2025-10-21T21:45:14.059Z DEBUG 2815 --- [nxt-class-backend] [           main] swordEncoderAuthenticationManagerBuilder : No authenticationProviders and no parentAuthenticationManager defined. Returning null.
2025-10-21T21:45:14.803Z  INFO 2815 --- [nxt-class-backend] [           main] o.s.b.a.e.web.EndpointLinksResolver      : Exposing 3 endpoint(s) beneath base path '/actuator'
2025-10-21T21:45:14.886Z  INFO 2815 --- [nxt-class-backend] [           main] o.s.s.web.DefaultSecurityFilterChain     : Will secure any request with [org.springframework.security.web.session.DisableEncodeUrlFilter@4f5af4bd, org.springframework.security.web.context.request.async.WebAsyncManagerIntegrationFilter@56a0c515, org.springframework.security.web.context.SecurityContextHolderFilter@402af74, org.springframework.security.web.header.HeaderWriterFilter@68801feb, org.springframework.web.filter.CorsFilter@588b9a5f, org.springframework.security.web.authentication.logout.LogoutFilter@43c58698, com.nxtclass.config.SecurityConfig$JwtAuthenticationFilter@313c05b9, org.springframework.security.web.savedrequest.RequestCacheAwareFilter@512b5339, org.springframework.security.web.servletapi.SecurityContextHolderAwareRequestFilter@657486c1, org.springframework.security.web.authentication.AnonymousAuthenticationFilter@29dbf03f, org.springframework.security.web.session.SessionManagementFilter@7630e516, org.springframework.security.web.access.ExceptionTranslationFilter@7ede650b, org.springframework.security.web.access.intercept.AuthorizationFilter@25b56ad5]
2025-10-21T21:45:15.590Z  INFO 2815 --- [nxt-class-backend] [           main] o.s.b.a.h2.H2ConsoleAutoConfiguration    : H2 console available at '/h2-console'. Database available at 'jdbc:h2:mem:testdb'
2025-10-21T21:45:15.763Z  INFO 2815 --- [nxt-class-backend] [           main] c.n.integration.UserIntegrationTest      : Started UserIntegrationTest in 4.467 seconds (process running for 32.823)
2025-10-21T21:45:15.773Z DEBUG 2815 --- [nxt-class-backend] [           main] org.hibernate.SQL                        : 
    select
        count(*) 
    from
        users u1_0
Hibernate: 
    select
        count(*) 
    from
        users u1_0
2025-10-21T21:45:16.108Z DEBUG 2815 --- [nxt-class-backend] [           main] org.hibernate.SQL                        : 
    insert 
    into
        users
        (avatar_url, created_at, email, name, organization, password, role, status, updated_at, id) 
    values
        (?, ?, ?, ?, ?, ?, ?, ?, ?, default)
Hibernate: 
    insert 
    into
        users
        (avatar_url, created_at, email, name, organization, password, role, status, updated_at, id) 
    values
        (?, ?, ?, ?, ?, ?, ?, ?, ?, default)
2025-10-21T21:45:16.312Z DEBUG 2815 --- [nxt-class-backend] [           main] org.hibernate.SQL                        : 
    insert 
    into
        users
        (avatar_url, created_at, email, name, organization, password, role, status, updated_at, id) 
    values
        (?, ?, ?, ?, ?, ?, ?, ?, ?, default)
Hibernate: 
    insert 
    into
        users
        (avatar_url, created_at, email, name, organization, password, role, status, updated_at, id) 
    values
        (?, ?, ?, ?, ?, ?, ?, ?, ?, default)
2025-10-21T21:45:16.527Z DEBUG 2815 --- [nxt-class-backend] [           main] org.hibernate.SQL                        : 
    insert 
    into
        users
        (avatar_url, created_at, email, name, organization, password, role, status, updated_at, id) 
    values
        (?, ?, ?, ?, ?, ?, ?, ?, ?, default)
Hibernate: 
    insert 
    into
        users
        (avatar_url, created_at, email, name, organization, password, role, status, updated_at, id) 
    values
        (?, ?, ?, ?, ?, ?, ?, ?, ?, default)
2025-10-21T21:45:16.726Z DEBUG 2815 --- [nxt-class-backend] [           main] org.hibernate.SQL                        : 
    insert 
    into
        users
        (avatar_url, created_at, email, name, organization, password, role, status, updated_at, id) 
    values
        (?, ?, ?, ?, ?, ?, ?, ?, ?, default)
Hibernate: 
    insert 
    into
        users
        (avatar_url, created_at, email, name, organization, password, role, status, updated_at, id) 
    values
        (?, ?, ?, ?, ?, ?, ?, ?, ?, default)
2025-10-21T21:45:16.934Z DEBUG 2815 --- [nxt-class-backend] [           main] org.hibernate.SQL                        : 
    insert 
    into
        users
        (avatar_url, created_at, email, name, organization, password, role, status, updated_at, id) 
    values
        (?, ?, ?, ?, ?, ?, ?, ?, ?, default)
Hibernate: 
    insert 
    into
        users
        (avatar_url, created_at, email, name, organization, password, role, status, updated_at, id) 
    values
        (?, ?, ?, ?, ?, ?, ?, ?, ?, default)
2025-10-21T21:45:17.124Z DEBUG 2815 --- [nxt-class-backend] [           main] org.hibernate.SQL                        : 
    insert 
    into
        users
        (avatar_url, created_at, email, name, organization, password, role, status, updated_at, id) 
    values
        (?, ?, ?, ?, ?, ?, ?, ?, ?, default)
Hibernate: 
    insert 
    into
        users
        (avatar_url, created_at, email, name, organization, password, role, status, updated_at, id) 
    values
        (?, ?, ?, ?, ?, ?, ?, ?, ?, default)
2025-10-21T21:45:17.143Z DEBUG 2815 --- [nxt-class-backend] [           main] org.hibernate.SQL                        : 
    insert 
    into
        class_sessions
        (created_at, date, duration, participants, status, subject, teacher, time, title, updated_at, id) 
    values
        (?, ?, ?, ?, ?, ?, ?, ?, ?, ?, default)
Hibernate: 
    insert 
    into
        class_sessions
        (created_at, date, duration, participants, status, subject, teacher, time, title, updated_at, id) 
    values
        (?, ?, ?, ?, ?, ?, ?, ?, ?, ?, default)
2025-10-21T21:45:17.151Z DEBUG 2815 --- [nxt-class-backend] [           main] org.hibernate.SQL                        : 
    insert 
    into
        class_sessions
        (created_at, date, duration, participants, status, subject, teacher, time, title, updated_at, id) 
    values
        (?, ?, ?, ?, ?, ?, ?, ?, ?, ?, default)
Hibernate: 
    insert 
    into
        class_sessions
        (created_at, date, duration, participants, status, subject, teacher, time, title, updated_at, id) 
    values
        (?, ?, ?, ?, ?, ?, ?, ?, ?, ?, default)
2025-10-21T21:45:17.159Z DEBUG 2815 --- [nxt-class-backend] [           main] org.hibernate.SQL                        : 
    insert 
    into
        class_sessions
        (created_at, date, duration, participants, status, subject, teacher, time, title, updated_at, id) 
    values
        (?, ?, ?, ?, ?, ?, ?, ?, ?, ?, default)
Hibernate: 
    insert 
    into
        class_sessions
        (created_at, date, duration, participants, status, subject, teacher, time, title, updated_at, id) 
    values
        (?, ?, ?, ?, ?, ?, ?, ?, ?, ?, default)
2025-10-21T21:45:17.180Z DEBUG 2815 --- [nxt-class-backend] [           main] org.hibernate.SQL                        : 
    insert 
    into
        assignments
        (created_at, description, due_date, grade, status, subject, title, total_points, updated_at, id) 
    values
        (?, ?, ?, ?, ?, ?, ?, ?, ?, default)
Hibernate: 
    insert 
    into
        assignments
        (created_at, description, due_date, grade, status, subject, title, total_points, updated_at, id) 
    values
        (?, ?, ?, ?, ?, ?, ?, ?, ?, default)
2025-10-21T21:45:17.187Z DEBUG 2815 --- [nxt-class-backend] [           main] org.hibernate.SQL                        : 
    insert 
    into
        assignments
        (created_at, description, due_date, grade, status, subject, title, total_points, updated_at, id) 
    values
        (?, ?, ?, ?, ?, ?, ?, ?, ?, default)
Hibernate: 
    insert 
    into
        assignments
        (created_at, description, due_date, grade, status, subject, title, total_points, updated_at, id) 
    values
        (?, ?, ?, ?, ?, ?, ?, ?, ?, default)
2025-10-21T21:45:17.194Z DEBUG 2815 --- [nxt-class-backend] [           main] org.hibernate.SQL                        : 
    insert 
    into
        assignments
        (created_at, description, due_date, grade, status, subject, title, total_points, updated_at, id) 
    values
        (?, ?, ?, ?, ?, ?, ?, ?, ?, default)
Hibernate: 
    insert 
    into
        assignments
        (created_at, description, due_date, grade, status, subject, title, total_points, updated_at, id) 
    values
        (?, ?, ?, ?, ?, ?, ?, ?, ?, default)
2025-10-21T21:45:17.201Z DEBUG 2815 --- [nxt-class-backend] [           main] org.hibernate.SQL                        : 
    insert 
    into
        assignments
        (created_at, description, due_date, grade, status, subject, title, total_points, updated_at, id) 
    values
        (?, ?, ?, ?, ?, ?, ?, ?, ?, default)
Hibernate: 
    insert 
    into
        assignments
        (created_at, description, due_date, grade, status, subject, title, total_points, updated_at, id) 
    values
        (?, ?, ?, ?, ?, ?, ?, ?, ?, default)
2025-10-21T21:45:17.211Z DEBUG 2815 --- [nxt-class-backend] [           main] org.hibernate.SQL                        : 
    insert 
    into
        announcements
        (author, content, created_at, date, priority, title, updated_at, id) 
    values
        (?, ?, ?, ?, ?, ?, ?, default)
Hibernate: 
    insert 
    into
        announcements
        (author, content, created_at, date, priority, title, updated_at, id) 
    values
        (?, ?, ?, ?, ?, ?, ?, default)
2025-10-21T21:45:17.218Z DEBUG 2815 --- [nxt-class-backend] [           main] org.hibernate.SQL                        : 
    insert 
    into
        announcements
        (author, content, created_at, date, priority, title, updated_at, id) 
    values
        (?, ?, ?, ?, ?, ?, ?, default)
Hibernate: 
    insert 
    into
        announcements
        (author, content, created_at, date, priority, title, updated_at, id) 
    values
        (?, ?, ?, ?, ?, ?, ?, default)
2025-10-21T21:45:17.232Z DEBUG 2815 --- [nxt-class-backend] [           main] org.hibernate.SQL                        : 
    insert 
    into
        announcements
        (author, content, created_at, date, priority, title, updated_at, id) 
    values
        (?, ?, ?, ?, ?, ?, ?, default)
Hibernate: 
    insert 
    into
        announcements
        (author, content, created_at, date, priority, title, updated_at, id) 
    values
        (?, ?, ?, ?, ?, ?, ?, default)
2025-10-21T21:45:17.275Z  INFO 2815 --- [nxt-class-backend] [           main] o.s.b.t.m.w.SpringBootMockServletContext : Initializing Spring TestDispatcherServlet ''
2025-10-21T21:45:17.275Z  INFO 2815 --- [nxt-class-backend] [           main] o.s.t.web.servlet.TestDispatcherServlet  : Initializing Servlet ''
2025-10-21T21:45:17.277Z  INFO 2815 --- [nxt-class-backend] [           main] o.s.t.web.servlet.TestDispatcherServlet  : Completed initialization in 2 ms
2025-10-21T21:45:17.340Z DEBUG 2815 --- [nxt-class-backend] [           main] org.hibernate.SQL                        : 
    select
        u1_0.id,
        u1_0.avatar_url,
        u1_0.created_at,
        u1_0.email,
        u1_0.name,
        u1_0.organization,
        u1_0.password,
        u1_0.role,
        u1_0.status,
        u1_0.updated_at 
    from
        users u1_0
Hibernate: 
    select
        u1_0.id,
        u1_0.avatar_url,
        u1_0.created_at,
        u1_0.email,
        u1_0.name,
        u1_0.organization,
        u1_0.password,
        u1_0.role,
        u1_0.status,
        u1_0.updated_at 
    from
        users u1_0
2025-10-21T21:45:17.792Z DEBUG 2815 --- [nxt-class-backend] [           main] org.hibernate.SQL                        : 
    insert 
    into
        users
        (avatar_url, created_at, email, name, organization, password, role, status, updated_at, id) 
    values
        (?, ?, ?, ?, ?, ?, ?, ?, ?, default)
Hibernate: 
    insert 
    into
        users
        (avatar_url, created_at, email, name, organization, password, role, status, updated_at, id) 
    values
        (?, ?, ?, ?, ?, ?, ?, ?, ?, default)
2025-10-21T21:45:17.998Z DEBUG 2815 --- [nxt-class-backend] [           main] org.hibernate.SQL                        : 
    delete 
    from
        users 
    where
        id=?
Hibernate: 
    delete 
    from
        users 
    where
        id=?
2025-10-21T21:45:18.001Z DEBUG 2815 --- [nxt-class-backend] [           main] org.hibernate.SQL                        : 
    delete 
    from
        users 
    where
        id=?
Hibernate: 
    delete 
    from
        users 
    where
        id=?
2025-10-21T21:45:18.006Z DEBUG 2815 --- [nxt-class-backend] [           main] org.hibernate.SQL                        : 
    delete 
    from
        users 
    where
        id=?
Hibernate: 
    delete 
    from
        users 
    where
        id=?
2025-10-21T21:45:18.006Z DEBUG 2815 --- [nxt-class-backend] [           main] org.hibernate.SQL                        : 
    delete 
    from
        users 
    where
        id=?
Hibernate: 
    delete 
    from
        users 
    where
        id=?
2025-10-21T21:45:18.007Z DEBUG 2815 --- [nxt-class-backend] [           main] org.hibernate.SQL                        : 
    delete 
    from
        users 
    where
        id=?
Hibernate: 
    delete 
    from
        users 
    where
        id=?
2025-10-21T21:45:18.007Z DEBUG 2815 --- [nxt-class-backend] [           main] org.hibernate.SQL                        : 
    delete 
    from
        users 
    where
        id=?
Hibernate: 
    delete 
    from
        users 
    where
        id=?
2025-10-21T21:45:18.011Z DEBUG 2815 --- [nxt-class-backend] [           main] org.hibernate.SQL                        : 
    select
        u1_0.id,
        u1_0.avatar_url,
        u1_0.created_at,
        u1_0.email,
        u1_0.name,
        u1_0.organization,
        u1_0.password,
        u1_0.role,
        u1_0.status,
        u1_0.updated_at 
    from
        users u1_0 
    where
        u1_0.email=?
Hibernate: 
    select
        u1_0.id,
        u1_0.avatar_url,
        u1_0.created_at,
        u1_0.email,
        u1_0.name,
        u1_0.organization,
        u1_0.password,
        u1_0.role,
        u1_0.status,
        u1_0.updated_at 
    from
        users u1_0 
    where
        u1_0.email=?
2025-10-21T21:45:18.260Z DEBUG 2815 --- [nxt-class-backend] [           main] org.hibernate.SQL                        : 
    select
        u1_0.id,
        u1_0.avatar_url,
        u1_0.created_at,
        u1_0.email,
        u1_0.name,
        u1_0.organization,
        u1_0.password,
        u1_0.role,
        u1_0.status,
        u1_0.updated_at 
    from
        users u1_0
Hibernate: 
    select
        u1_0.id,
        u1_0.avatar_url,
        u1_0.created_at,
        u1_0.email,
        u1_0.name,
        u1_0.organization,
        u1_0.password,
        u1_0.role,
        u1_0.status,
        u1_0.updated_at 
    from
        users u1_0
2025-10-21T21:45:18.295Z DEBUG 2815 --- [nxt-class-backend] [           main] org.hibernate.SQL                        : 
    select
        u1_0.id,
        u1_0.avatar_url,
        u1_0.created_at,
        u1_0.email,
        u1_0.name,
        u1_0.organization,
        u1_0.password,
        u1_0.role,
        u1_0.status,
        u1_0.updated_at 
    from
        users u1_0 
    where
        u1_0.role=?
Hibernate: 
    select
        u1_0.id,
        u1_0.avatar_url,
        u1_0.created_at,
        u1_0.email,
        u1_0.name,
        u1_0.organization,
        u1_0.password,
        u1_0.role,
        u1_0.status,
        u1_0.updated_at 
    from
        users u1_0 
    where
        u1_0.role=?
2025-10-21T21:45:18.310Z DEBUG 2815 --- [nxt-class-backend] [           main] org.hibernate.SQL                        : 
    select
        u1_0.id,
        u1_0.avatar_url,
        u1_0.created_at,
        u1_0.email,
        u1_0.name,
        u1_0.organization,
        u1_0.password,
        u1_0.role,
        u1_0.status,
        u1_0.updated_at 
    from
        users u1_0 
    where
        u1_0.id=?
Hibernate: 
    select
        u1_0.id,
        u1_0.avatar_url,
        u1_0.created_at,
        u1_0.email,
        u1_0.name,
        u1_0.organization,
        u1_0.password,
        u1_0.role,
        u1_0.status,
        u1_0.updated_at 
    from
        users u1_0 
    where
        u1_0.id=?
]]></system-out>
  </testcase>
</testsuite>