<?xml version="1.0" encoding="UTF-8"?>
<testsuite xmlns:xsi="http://www.w3.org/2001/XMLSchema-instance" xsi:noNamespaceSchemaLocation="https://maven.apache.org/surefire/maven-surefire-plugin/xsd/surefire-test-report-3.0.xsd" version="3.0" name="com.nxtclass.integration.DatabaseIntegrationTest" time="8.596" tests="7" errors="0" skipped="0" failures="0">
  <properties>
[...]
</properties>
  <testcase name="testUserCreationAndRetrieval" classname="com.nxtclass.integration.DatabaseIntegrationTest" time="0.714">
    <system-out><![CDATA[04:59:35.200 [main] INFO org.springframework.test.context.support.AnnotationConfigContextLoaderUtils -- Could not detect default configuration classes for test class [com.nxtclass.integration.DatabaseIntegrationTest]: DatabaseIntegrationTest does not declare any static, non-private, non-final, nested classes annotated with @Configuration.
04:59:35.303 [main] INFO org.springframework.boot.test.context.SpringBootTestContextBootstrapper -- Found @SpringBootConfiguration com.nxtclass.BackendApplication for test class com.nxtclass.integration.DatabaseIntegrationTest
04:59:35.452 [main] INFO org.springframework.boot.devtools.restart.RestartApplicationListener -- Restart disabled due to context in which it is running

  .   ____          _            __ _ _
 /\\ / ___'_ __ _ _(_)_ __  __ _ \ \ \ \
( ( )\___ | '_ | '_| | '_ \/ _` | \ \ \ \
 \\/  ___)| |_)| | | | | || (_| |  ) ) ) )
  '  |____| .__|_| |_|_| |_\__, | / / / /
 =========|_|==============|___/=/_/_/_/
 :: Spring Boot ::                (v3.2.0)

2025-10-22T04:59:35.761Z  INFO 7952 --- [nxt-class-backend] [           main] c.n.integration.DatabaseIntegrationTest  : Starting DatabaseIntegrationTest using Java 21.0.8 with PID 7952 (started by ubuntu in /workspace/backend)
2025-10-22T04:59:35.762Z DEBUG 7952 --- [nxt-class-backend] [           main] c.n.integration.DatabaseIntegrationTest  : Running with Spring Boot v3.2.0, Spring v6.1.1
2025-10-22T04:59:35.763Z  INFO 7952 --- [nxt-class-backend] [           main] c.n.integration.DatabaseIntegrationTest  : The following 1 profile is active: "test"
2025-10-22T04:59:36.769Z  INFO 7952 --- [nxt-class-backend] [           main] .s.d.r.c.RepositoryConfigurationDelegate : Bootstrapping Spring Data JPA repositories in DEFAULT mode.
2025-10-22T04:59:36.833Z  INFO 7952 --- [nxt-class-backend] [           main] .s.d.r.c.RepositoryConfigurationDelegate : Finished Spring Data repository scanning in 55 ms. Found 4 JPA repository interfaces.
2025-10-22T04:59:37.644Z  INFO 7952 --- [nxt-class-backend] [           main] o.hibernate.jpa.internal.util.LogHelper  : HHH000204: Processing PersistenceUnitInfo [name: default]
2025-10-22T04:59:37.696Z  INFO 7952 --- [nxt-class-backend] [           main] org.hibernate.Version                    : HHH000412: Hibernate ORM core version 6.3.1.Final
2025-10-22T04:59:37.728Z  INFO 7952 --- [nxt-class-backend] [           main] o.h.c.internal.RegionFactoryInitiator    : HHH000026: Second-level cache disabled
2025-10-22T04:59:37.932Z  INFO 7952 --- [nxt-class-backend] [           main] o.s.o.j.p.SpringPersistenceUnitInfo      : No LoadTimeWeaver setup: ignoring JPA class transformer
2025-10-22T04:59:37.957Z  INFO 7952 --- [nxt-class-backend] [           main] com.zaxxer.hikari.HikariDataSource       : HikariPool-1 - Starting...
2025-10-22T04:59:38.150Z  INFO 7952 --- [nxt-class-backend] [           main] com.zaxxer.hikari.pool.HikariPool        : HikariPool-1 - Added connection conn0: url=jdbc:h2:mem:testdb user=SA
2025-10-22T04:59:38.152Z  INFO 7952 --- [nxt-class-backend] [           main] com.zaxxer.hikari.HikariDataSource       : HikariPool-1 - Start completed.
2025-10-22T04:59:38.175Z  WARN 7952 --- [nxt-class-backend] [           main] org.hibernate.orm.deprecation            : HHH90000025: H2Dialect does not need to be specified explicitly using 'hibernate.dialect' (remove the property setting and it will be selected by default)
2025-10-22T04:59:38.985Z  INFO 7952 --- [nxt-class-backend] [           main] o.h.e.t.j.p.i.JtaPlatformInitiator       : HHH000489: No JTA platform available (set 'hibernate.transaction.jta.platform' to enable JTA platform integration)
2025-10-22T04:59:39.001Z DEBUG 7952 --- [nxt-class-backend] [           main] org.hibernate.SQL                        : 
    drop table if exists announcements cascade 
Hibernate: 
    drop table if exists announcements cascade 
2025-10-22T04:59:39.006Z DEBUG 7952 --- [nxt-class-backend] [           main] org.hibernate.SQL                        : 
    drop table if exists assignments cascade 
Hibernate: 
    drop table if exists assignments cascade 
2025-10-22T04:59:39.006Z DEBUG 7952 --- [nxt-class-backend] [           main] org.hibernate.SQL                        : 
    drop table if exists class_sessions cascade 
Hibernate: 
    drop table if exists class_sessions cascade 
2025-10-22T04:59:39.007Z DEBUG 7952 --- [nxt-class-backend] [           main] org.hibernate.SQL                        : 
    drop table if exists users cascade 
Hibernate: 
    drop table if exists users cascade 
2025-10-22T04:59:39.012Z DEBUG 7952 --- [nxt-class-backend] [           main] org.hibernate.SQL                        : 
    create table announcements (
        date date not null,
        created_at timestamp(6) not null,
        id bigint generated by default as identity,
        updated_at timestamp(6),
        author varchar(255) not null,
        content TEXT not null,
        priority varchar(255) not null check (priority in ('LOW','MEDIUM','HIGH')),
        title varchar(255) not null,
        primary key (id)
    )
Hibernate: 
    create table announcements (
        date date not null,
        created_at timestamp(6) not null,
        id bigint generated by default as identity,
        updated_at timestamp(6),
        author varchar(255) not null,
        content TEXT not null,
        priority varchar(255) not null check (priority in ('LOW','MEDIUM','HIGH')),
        title varchar(255) not null,
        primary key (id)
    )
2025-10-22T04:59:39.035Z DEBUG 7952 --- [nxt-class-backend] [           main] org.hibernate.SQL                        : 
    create table assignments (
        due_date date not null,
        grade integer,
        total_points integer not null,
        created_at timestamp(6) not null,
        id bigint generated by default as identity,
        updated_at timestamp(6),
        description TEXT,
        status varchar(255) not null check (status in ('PENDING','SUBMITTED','GRADED')),
        subject varchar(255) not null,
        title varchar(255) not null,
        primary key (id)
    )
Hibernate: 
    create table assignments (
        due_date date not null,
        grade integer,
        total_points integer not null,
        created_at timestamp(6) not null,
        id bigint generated by default as identity,
        updated_at timestamp(6),
        description TEXT,
        status varchar(255) not null check (status in ('PENDING','SUBMITTED','GRADED')),
        subject varchar(255) not null,
        title varchar(255) not null,
        primary key (id)
    )
2025-10-22T04:59:39.038Z DEBUG 7952 --- [nxt-class-backend] [           main] org.hibernate.SQL                        : 
    create table class_sessions (
        date date not null,
        duration integer not null,
        participants integer not null,
        time time(6) not null,
        created_at timestamp(6) not null,
        id bigint generated by default as identity,
        updated_at timestamp(6),
        status varchar(255) not null check (status in ('UPCOMING','LIVE','COMPLETED')),
        subject varchar(255) not null,
        teacher varchar(255) not null,
        title varchar(255) not null,
        primary key (id)
    )
Hibernate: 
    create table class_sessions (
        date date not null,
        duration integer not null,
        participants integer not null,
        time time(6) not null,
        created_at timestamp(6) not null,
        id bigint generated by default as identity,
        updated_at timestamp(6),
        status varchar(255) not null check (status in ('UPCOMING','LIVE','COMPLETED')),
        subject varchar(255) not null,
        teacher varchar(255) not null,
        title varchar(255) not null,
        primary key (id)
    )
2025-10-22T04:59:39.042Z DEBUG 7952 --- [nxt-class-backend] [           main] org.hibernate.SQL                        : 
    create table users (
        created_at timestamp(6) not null,
        id bigint generated by default as identity,
        updated_at timestamp(6),
        avatar_url varchar(255),
        email varchar(255) not null unique,
        name varchar(255) not null,
        organization varchar(255),
        password varchar(255) not null,
        role varchar(255) not null check (role in ('ORGADMIN','TEACHER','STUDENT')),
        status varchar(255) not null check (status in ('ACTIVE','INACTIVE')),
        primary key (id)
    )
Hibernate: 
    create table users (
        created_at timestamp(6) not null,
        id bigint generated by default as identity,
        updated_at timestamp(6),
        avatar_url varchar(255),
        email varchar(255) not null unique,
        name varchar(255) not null,
        organization varchar(255),
        password varchar(255) not null,
        role varchar(255) not null check (role in ('ORGADMIN','TEACHER','STUDENT')),
        status varchar(255) not null check (status in ('ACTIVE','INACTIVE')),
        primary key (id)
    )
2025-10-22T04:59:39.048Z  INFO 7952 --- [nxt-class-backend] [           main] j.LocalContainerEntityManagerFactoryBean : Initialized JPA EntityManagerFactory for persistence unit 'default'
2025-10-22T04:59:39.516Z  INFO 7952 --- [nxt-class-backend] [           main] o.s.d.j.r.query.QueryEnhancerFactory     : Hibernate is in classpath; If applicable, HQL parser will be used.
2025-10-22T04:59:40.281Z  WARN 7952 --- [nxt-class-backend] [           main] JpaBaseConfiguration$JpaWebConfiguration : spring.jpa.open-in-view is enabled by default. Therefore, database queries may be performed during view rendering. Explicitly configure spring.jpa.open-in-view to disable this warning
2025-10-22T04:59:40.324Z DEBUG 7952 --- [nxt-class-backend] [           main] swordEncoderAuthenticationManagerBuilder : No authenticationProviders and no parentAuthenticationManager defined. Returning null.
2025-10-22T04:59:41.004Z  INFO 7952 --- [nxt-class-backend] [           main] o.s.b.a.e.web.EndpointLinksResolver      : Exposing 3 endpoint(s) beneath base path '/actuator'
2025-10-22T04:59:41.083Z  INFO 7952 --- [nxt-class-backend] [           main] o.s.s.web.DefaultSecurityFilterChain     : Will secure any request with [org.springframework.security.web.session.DisableEncodeUrlFilter@72cec2e2, org.springframework.security.web.context.request.async.WebAsyncManagerIntegrationFilter@250d3c1b, org.springframework.security.web.context.SecurityContextHolderFilter@3c175d82, org.springframework.security.web.header.HeaderWriterFilter@1c1b9de9, org.springframework.web.filter.CorsFilter@29a73056, org.springframework.security.web.authentication.logout.LogoutFilter@45a824d, com.nxtclass.config.SecurityConfig$JwtAuthenticationFilter@5b1e336c, org.springframework.security.web.savedrequest.RequestCacheAwareFilter@46d8d38, org.springframework.security.web.servletapi.SecurityContextHolderAwareRequestFilter@16b6493d, org.springframework.security.web.authentication.AnonymousAuthenticationFilter@5fc3333f, org.springframework.security.web.session.SessionManagementFilter@300cdf3f, org.springframework.security.web.access.ExceptionTranslationFilter@a93c88a, org.springframework.security.web.access.intercept.AuthorizationFilter@29c8a858]
2025-10-22T04:59:41.589Z  INFO 7952 --- [nxt-class-backend] [           main] o.s.b.a.h2.H2ConsoleAutoConfiguration    : H2 console available at '/h2-console'. Database available at 'jdbc:h2:mem:testdb'
2025-10-22T04:59:41.735Z  INFO 7952 --- [nxt-class-backend] [           main] c.n.integration.DatabaseIntegrationTest  : Started DatabaseIntegrationTest in 6.294 seconds (process running for 7.237)
2025-10-22T04:59:41.886Z DEBUG 7952 --- [nxt-class-backend] [           main] org.hibernate.SQL                        : 
    select
        count(*) 
    from
        users u1_0
Hibernate: 
    select
        count(*) 
    from
        users u1_0
2025-10-22T04:59:42.104Z DEBUG 7952 --- [nxt-class-backend] [           main] org.hibernate.SQL                        : 
    insert 
    into
        users
        (avatar_url, created_at, email, name, organization, password, role, status, updated_at, id) 
    values
        (?, ?, ?, ?, ?, ?, ?, ?, ?, default)
Hibernate: 
    insert 
    into
        users
        (avatar_url, created_at, email, name, organization, password, role, status, updated_at, id) 
    values
        (?, ?, ?, ?, ?, ?, ?, ?, ?, default)
2025-10-22T04:59:42.226Z DEBUG 7952 --- [nxt-class-backend] [           main] org.hibernate.SQL                        : 
    insert 
    into
        users
        (avatar_url, created_at, email, name, organization, password, role, status, updated_at, id) 
    values
        (?, ?, ?, ?, ?, ?, ?, ?, ?, default)
Hibernate: 
    insert 
    into
        users
        (avatar_url, created_at, email, name, organization, password, role, status, updated_at, id) 
    values
        (?, ?, ?, ?, ?, ?, ?, ?, ?, default)
2025-10-22T04:59:42.327Z DEBUG 7952 --- [nxt-class-backend] [           main] org.hibernate.SQL                        : 
    insert 
    into
        users
        (avatar_url, created_at, email, name, organization, password, role, status, updated_at, id) 
    values
        (?, ?, ?, ?, ?, ?, ?, ?, ?, default)
Hibernate: 
    insert 
    into
        users
        (avatar_url, created_at, email, name, organization, password, role, status, updated_at, id) 
    values
        (?, ?, ?, ?, ?, ?, ?, ?, ?, default)
2025-10-22T04:59:42.424Z DEBUG 7952 --- [nxt-class-backend] [           main] org.hibernate.SQL                        : 
    insert 
    into
        users
        (avatar_url, created_at, email, name, organization, password, role, status, updated_at, id) 
    values
        (?, ?, ?, ?, ?, ?, ?, ?, ?, default)
Hibernate: 
    insert 
    into
        users
        (avatar_url, created_at, email, name, organization, password, role, status, updated_at, id) 
    values
        (?, ?, ?, ?, ?, ?, ?, ?, ?, default)
2025-10-22T04:59:42.520Z DEBUG 7952 --- [nxt-class-backend] [           main] org.hibernate.SQL                        : 
    insert 
    into
        users
        (avatar_url, created_at, email, name, organization, password, role, status, updated_at, id) 
    values
        (?, ?, ?, ?, ?, ?, ?, ?, ?, default)
Hibernate: 
    insert 
    into
        users
        (avatar_url, created_at, email, name, organization, password, role, status, updated_at, id) 
    values
        (?, ?, ?, ?, ?, ?, ?, ?, ?, default)
2025-10-22T04:59:42.621Z DEBUG 7952 --- [nxt-class-backend] [           main] org.hibernate.SQL                        : 
    insert 
    into
        users
        (avatar_url, created_at, email, name, organization, password, role, status, updated_at, id) 
    values
        (?, ?, ?, ?, ?, ?, ?, ?, ?, default)
Hibernate: 
    insert 
    into
        users
        (avatar_url, created_at, email, name, organization, password, role, status, updated_at, id) 
    values
        (?, ?, ?, ?, ?, ?, ?, ?, ?, default)
2025-10-22T04:59:42.630Z DEBUG 7952 --- [nxt-class-backend] [           main] org.hibernate.SQL                        : 
    insert 
    into
        class_sessions
        (created_at, date, duration, participants, status, subject, teacher, time, title, updated_at, id) 
    values
        (?, ?, ?, ?, ?, ?, ?, ?, ?, ?, default)
Hibernate: 
    insert 
    into
        class_sessions
        (created_at, date, duration, participants, status, subject, teacher, time, title, updated_at, id) 
    values
        (?, ?, ?, ?, ?, ?, ?, ?, ?, ?, default)
2025-10-22T04:59:42.634Z DEBUG 7952 --- [nxt-class-backend] [           main] org.hibernate.SQL                        : 
    insert 
    into
        class_sessions
        (created_at, date, duration, participants, status, subject, teacher, time, title, updated_at, id) 
    values
        (?, ?, ?, ?, ?, ?, ?, ?, ?, ?, default)
Hibernate: 
    insert 
    into
        class_sessions
        (created_at, date, duration, participants, status, subject, teacher, time, title, updated_at, id) 
    values
        (?, ?, ?, ?, ?, ?, ?, ?, ?, ?, default)
2025-10-22T04:59:42.636Z DEBUG 7952 --- [nxt-class-backend] [           main] org.hibernate.SQL                        : 
    insert 
    into
        class_sessions
        (created_at, date, duration, participants, status, subject, teacher, time, title, updated_at, id) 
    values
        (?, ?, ?, ?, ?, ?, ?, ?, ?, ?, default)
Hibernate: 
    insert 
    into
        class_sessions
        (created_at, date, duration, participants, status, subject, teacher, time, title, updated_at, id) 
    values
        (?, ?, ?, ?, ?, ?, ?, ?, ?, ?, default)
2025-10-22T04:59:42.643Z DEBUG 7952 --- [nxt-class-backend] [           main] org.hibernate.SQL                        : 
    insert 
    into
        assignments
        (created_at, description, due_date, grade, status, subject, title, total_points, updated_at, id) 
    values
        (?, ?, ?, ?, ?, ?, ?, ?, ?, default)
Hibernate: 
    insert 
    into
        assignments
        (created_at, description, due_date, grade, status, subject, title, total_points, updated_at, id) 
    values
        (?, ?, ?, ?, ?, ?, ?, ?, ?, default)
2025-10-22T04:59:42.646Z DEBUG 7952 --- [nxt-class-backend] [           main] org.hibernate.SQL                        : 
    insert 
    into
        assignments
        (created_at, description, due_date, grade, status, subject, title, total_points, updated_at, id) 
    values
        (?, ?, ?, ?, ?, ?, ?, ?, ?, default)
Hibernate: 
    insert 
    into
        assignments
        (created_at, description, due_date, grade, status, subject, title, total_points, updated_at, id) 
    values
        (?, ?, ?, ?, ?, ?, ?, ?, ?, default)
2025-10-22T04:59:42.647Z DEBUG 7952 --- [nxt-class-backend] [           main] org.hibernate.SQL                        : 
    insert 
    into
        assignments
        (created_at, description, due_date, grade, status, subject, title, total_points, updated_at, id) 
    values
        (?, ?, ?, ?, ?, ?, ?, ?, ?, default)
Hibernate: 
    insert 
    into
        assignments
        (created_at, description, due_date, grade, status, subject, title, total_points, updated_at, id) 
    values
        (?, ?, ?, ?, ?, ?, ?, ?, ?, default)
2025-10-22T04:59:42.649Z DEBUG 7952 --- [nxt-class-backend] [           main] org.hibernate.SQL                        : 
    insert 
    into
        assignments
        (created_at, description, due_date, grade, status, subject, title, total_points, updated_at, id) 
    values
        (?, ?, ?, ?, ?, ?, ?, ?, ?, default)
Hibernate: 
    insert 
    into
        assignments
        (created_at, description, due_date, grade, status, subject, title, total_points, updated_at, id) 
    values
        (?, ?, ?, ?, ?, ?, ?, ?, ?, default)
2025-10-22T04:59:42.655Z DEBUG 7952 --- [nxt-class-backend] [           main] org.hibernate.SQL                        : 
    insert 
    into
        announcements
        (author, content, created_at, date, priority, title, updated_at, id) 
    values
        (?, ?, ?, ?, ?, ?, ?, default)
Hibernate: 
    insert 
    into
        announcements
        (author, content, created_at, date, priority, title, updated_at, id) 
    values
        (?, ?, ?, ?, ?, ?, ?, default)
2025-10-22T04:59:42.657Z DEBUG 7952 --- [nxt-class-backend] [           main] org.hibernate.SQL                        : 
    insert 
    into
        announcements
        (author, content, created_at, date, priority, title, updated_at, id) 
    values
        (?, ?, ?, ?, ?, ?, ?, default)
Hibernate: 
    insert 
    into
        announcements
        (author, content, created_at, date, priority, title, updated_at, id) 
    values
        (?, ?, ?, ?, ?, ?, ?, default)
2025-10-22T04:59:42.659Z DEBUG 7952 --- [nxt-class-backend] [           main] org.hibernate.SQL                        : 
    insert 
    into
        announcements
        (author, content, created_at, date, priority, title, updated_at, id) 
    values
        (?, ?, ?, ?, ?, ?, ?, default)
Hibernate: 
    insert 
    into
        announcements
        (author, content, created_at, date, priority, title, updated_at, id) 
    values
        (?, ?, ?, ?, ?, ?, ?, default)
2025-10-22T04:59:43.302Z DEBUG 7952 --- [nxt-class-backend] [           main] org.hibernate.SQL                        : 
    select
        u1_0.id,
        u1_0.avatar_url,
        u1_0.created_at,
        u1_0.email,
        u1_0.name,
        u1_0.organization,
        u1_0.password,
        u1_0.role,
        u1_0.status,
        u1_0.updated_at 
    from
        users u1_0
Hibernate: 
    select
        u1_0.id,
        u1_0.avatar_url,
        u1_0.created_at,
        u1_0.email,
        u1_0.name,
        u1_0.organization,
        u1_0.password,
        u1_0.role,
        u1_0.status,
        u1_0.updated_at 
    from
        users u1_0
2025-10-22T04:59:43.322Z DEBUG 7952 --- [nxt-class-backend] [           main] org.hibernate.SQL                        : 
    select
        cs1_0.id,
        cs1_0.created_at,
        cs1_0.date,
        cs1_0.duration,
        cs1_0.participants,
        cs1_0.status,
        cs1_0.subject,
        cs1_0.teacher,
        cs1_0.time,
        cs1_0.title,
        cs1_0.updated_at 
    from
        class_sessions cs1_0
Hibernate: 
    select
        cs1_0.id,
        cs1_0.created_at,
        cs1_0.date,
        cs1_0.duration,
        cs1_0.participants,
        cs1_0.status,
        cs1_0.subject,
        cs1_0.teacher,
        cs1_0.time,
        cs1_0.title,
        cs1_0.updated_at 
    from
        class_sessions cs1_0
2025-10-22T04:59:43.326Z DEBUG 7952 --- [nxt-class-backend] [           main] org.hibernate.SQL                        : 
    select
        a1_0.id,
        a1_0.created_at,
        a1_0.description,
        a1_0.due_date,
        a1_0.grade,
        a1_0.status,
        a1_0.subject,
        a1_0.title,
        a1_0.total_points,
        a1_0.updated_at 
    from
        assignments a1_0
Hibernate: 
    select
        a1_0.id,
        a1_0.created_at,
        a1_0.description,
        a1_0.due_date,
        a1_0.grade,
        a1_0.status,
        a1_0.subject,
        a1_0.title,
        a1_0.total_points,
        a1_0.updated_at 
    from
        assignments a1_0
2025-10-22T04:59:43.330Z DEBUG 7952 --- [nxt-class-backend] [           main] org.hibernate.SQL                        : 
    select
        a1_0.id,
        a1_0.author,
        a1_0.content,
        a1_0.created_at,
        a1_0.date,
        a1_0.priority,
        a1_0.title,
        a1_0.updated_at 
    from
        announcements a1_0
Hibernate: 
    select
        a1_0.id,
        a1_0.author,
        a1_0.content,
        a1_0.created_at,
        a1_0.date,
        a1_0.priority,
        a1_0.title,
        a1_0.updated_at 
    from
        announcements a1_0
2025-10-22T04:59:43.335Z DEBUG 7952 --- [nxt-class-backend] [           main] org.hibernate.SQL                        : 
    insert 
    into
        users
        (avatar_url, created_at, email, name, organization, password, role, status, updated_at, id) 
    values
        (?, ?, ?, ?, ?, ?, ?, ?, ?, default)
Hibernate: 
    insert 
    into
        users
        (avatar_url, created_at, email, name, organization, password, role, status, updated_at, id) 
    values
        (?, ?, ?, ?, ?, ?, ?, ?, ?, default)
2025-10-22T04:59:43.363Z DEBUG 7952 --- [nxt-class-backend] [           main] org.hibernate.SQL                        : 
    delete 
    from
        users 
    where
        id=?
Hibernate: 
    delete 
    from
        users 
    where
        id=?
2025-10-22T04:59:43.365Z DEBUG 7952 --- [nxt-class-backend] [           main] org.hibernate.SQL                        : 
    delete 
    from
        users 
    where
        id=?
Hibernate: 
    delete 
    from
        users 
    where
        id=?
2025-10-22T04:59:43.366Z DEBUG 7952 --- [nxt-class-backend] [           main] org.hibernate.SQL                        : 
    delete 
    from
        users 
    where
        id=?
Hibernate: 
    delete 
    from
        users 
    where
        id=?
2025-10-22T04:59:43.366Z DEBUG 7952 --- [nxt-class-backend] [           main] org.hibernate.SQL                        : 
    delete 
    from
        users 
    where
        id=?
Hibernate: 
    delete 
    from
        users 
    where
        id=?
2025-10-22T04:59:43.367Z DEBUG 7952 --- [nxt-class-backend] [           main] org.hibernate.SQL                        : 
    delete 
    from
        users 
    where
        id=?
Hibernate: 
    delete 
    from
        users 
    where
        id=?
2025-10-22T04:59:43.367Z DEBUG 7952 --- [nxt-class-backend] [           main] org.hibernate.SQL                        : 
    delete 
    from
        users 
    where
        id=?
Hibernate: 
    delete 
    from
        users 
    where
        id=?
2025-10-22T04:59:43.368Z DEBUG 7952 --- [nxt-class-backend] [           main] org.hibernate.SQL                        : 
    delete 
    from
        class_sessions 
    where
        id=?
Hibernate: 
    delete 
    from
        class_sessions 
    where
        id=?
2025-10-22T04:59:43.368Z DEBUG 7952 --- [nxt-class-backend] [           main] org.hibernate.SQL                        : 
    delete 
    from
        class_sessions 
    where
        id=?
Hibernate: 
    delete 
    from
        class_sessions 
    where
        id=?
2025-10-22T04:59:43.369Z DEBUG 7952 --- [nxt-class-backend] [           main] org.hibernate.SQL                        : 
    delete 
    from
        class_sessions 
    where
        id=?
Hibernate: 
    delete 
    from
        class_sessions 
    where
        id=?
2025-10-22T04:59:43.370Z DEBUG 7952 --- [nxt-class-backend] [           main] org.hibernate.SQL                        : 
    delete 
    from
        assignments 
    where
        id=?
Hibernate: 
    delete 
    from
        assignments 
    where
        id=?
2025-10-22T04:59:43.370Z DEBUG 7952 --- [nxt-class-backend] [           main] org.hibernate.SQL                        : 
    delete 
    from
        assignments 
    where
        id=?
Hibernate: 
    delete 
    from
        assignments 
    where
        id=?
2025-10-22T04:59:43.371Z DEBUG 7952 --- [nxt-class-backend] [           main] org.hibernate.SQL                        : 
    delete 
    from
        assignments 
    where
        id=?
Hibernate: 
    delete 
    from
        assignments 
    where
        id=?
2025-10-22T04:59:43.371Z DEBUG 7952 --- [nxt-class-backend] [           main] org.hibernate.SQL                        : 
    delete 
    from
        assignments 
    where
        id=?
Hibernate: 
    delete 
    from
        assignments 
    where
        id=?
2025-10-22T04:59:43.372Z DEBUG 7952 --- [nxt-class-backend] [           main] org.hibernate.SQL                        : 
    delete 
    from
        announcements 
    where
        id=?
Hibernate: 
    delete 
    from
        announcements 
    where
        id=?
2025-10-22T04:59:43.372Z DEBUG 7952 --- [nxt-class-backend] [           main] org.hibernate.SQL                        : 
    delete 
    from
        announcements 
    where
        id=?
Hibernate: 
    delete 
    from
        announcements 
    where
        id=?
2025-10-22T04:59:43.373Z DEBUG 7952 --- [nxt-class-backend] [           main] org.hibernate.SQL                        : 
    delete 
    from
        announcements 
    where
        id=?
Hibernate: 
    delete 
    from
        announcements 
    where
        id=?
2025-10-22T04:59:43.374Z DEBUG 7952 --- [nxt-class-backend] [           main] org.hibernate.SQL                        : 
    select
        u1_0.id,
        u1_0.avatar_url,
        u1_0.created_at,
        u1_0.email,
        u1_0.name,
        u1_0.organization,
        u1_0.password,
        u1_0.role,
        u1_0.status,
        u1_0.updated_at 
    from
        users u1_0 
    where
        u1_0.email=?
Hibernate: 
    select
        u1_0.id,
        u1_0.avatar_url,
        u1_0.created_at,
        u1_0.email,
        u1_0.name,
        u1_0.organization,
        u1_0.password,
        u1_0.role,
        u1_0.status,
        u1_0.updated_at 
    from
        users u1_0 
    where
        u1_0.email=?
]]></system-out>
    <system-err><![CDATA[WARNING: A Java agent has been loaded dynamically (/home/ubuntu/.m2/repository/net/bytebuddy/byte-buddy-agent/1.14.10/byte-buddy-agent-1.14.10.jar)
WARNING: If a serviceability tool is in use, please run with -XX:+EnableDynamicAgentLoading to hide this warning
WARNING: If a serviceability tool is not in use, please run with -Djdk.instrument.traceUsage for more information
WARNING: Dynamic loading of agents will be disallowed by default in a future release
]]></system-err>
  </testcase>
  <testcase name="testClassSessionCreationAndStatusFiltering" classname="com.nxtclass.integration.DatabaseIntegrationTest" time="0.039">
    <system-out><![CDATA[2025-10-22T04:59:43.398Z DEBUG 7952 --- [nxt-class-backend] [           main] org.hibernate.SQL                        : 
    select
        u1_0.id,
        u1_0.avatar_url,
        u1_0.created_at,
        u1_0.email,
        u1_0.name,
        u1_0.organization,
        u1_0.password,
        u1_0.role,
        u1_0.status,
        u1_0.updated_at 
    from
        users u1_0
Hibernate: 
    select
        u1_0.id,
        u1_0.avatar_url,
        u1_0.created_at,
        u1_0.email,
        u1_0.name,
        u1_0.organization,
        u1_0.password,
        u1_0.role,
        u1_0.status,
        u1_0.updated_at 
    from
        users u1_0
2025-10-22T04:59:43.402Z DEBUG 7952 --- [nxt-class-backend] [           main] org.hibernate.SQL                        : 
    select
        cs1_0.id,
        cs1_0.created_at,
        cs1_0.date,
        cs1_0.duration,
        cs1_0.participants,
        cs1_0.status,
        cs1_0.subject,
        cs1_0.teacher,
        cs1_0.time,
        cs1_0.title,
        cs1_0.updated_at 
    from
        class_sessions cs1_0
Hibernate: 
    select
        cs1_0.id,
        cs1_0.created_at,
        cs1_0.date,
        cs1_0.duration,
        cs1_0.participants,
        cs1_0.status,
        cs1_0.subject,
        cs1_0.teacher,
        cs1_0.time,
        cs1_0.title,
        cs1_0.updated_at 
    from
        class_sessions cs1_0
2025-10-22T04:59:43.404Z DEBUG 7952 --- [nxt-class-backend] [           main] org.hibernate.SQL                        : 
    select
        a1_0.id,
        a1_0.created_at,
        a1_0.description,
        a1_0.due_date,
        a1_0.grade,
        a1_0.status,
        a1_0.subject,
        a1_0.title,
        a1_0.total_points,
        a1_0.updated_at 
    from
        assignments a1_0
Hibernate: 
    select
        a1_0.id,
        a1_0.created_at,
        a1_0.description,
        a1_0.due_date,
        a1_0.grade,
        a1_0.status,
        a1_0.subject,
        a1_0.title,
        a1_0.total_points,
        a1_0.updated_at 
    from
        assignments a1_0
2025-10-22T04:59:43.407Z DEBUG 7952 --- [nxt-class-backend] [           main] org.hibernate.SQL                        : 
    select
        a1_0.id,
        a1_0.author,
        a1_0.content,
        a1_0.created_at,
        a1_0.date,
        a1_0.priority,
        a1_0.title,
        a1_0.updated_at 
    from
        announcements a1_0
Hibernate: 
    select
        a1_0.id,
        a1_0.author,
        a1_0.content,
        a1_0.created_at,
        a1_0.date,
        a1_0.priority,
        a1_0.title,
        a1_0.updated_at 
    from
        announcements a1_0
2025-10-22T04:59:43.410Z DEBUG 7952 --- [nxt-class-backend] [           main] org.hibernate.SQL                        : 
    insert 
    into
        users
        (avatar_url, created_at, email, name, organization, password, role, status, updated_at, id) 
    values
        (?, ?, ?, ?, ?, ?, ?, ?, ?, default)
Hibernate: 
    insert 
    into
        users
        (avatar_url, created_at, email, name, organization, password, role, status, updated_at, id) 
    values
        (?, ?, ?, ?, ?, ?, ?, ?, ?, default)
2025-10-22T04:59:43.412Z DEBUG 7952 --- [nxt-class-backend] [           main] org.hibernate.SQL                        : 
    insert 
    into
        class_sessions
        (created_at, date, duration, participants, status, subject, teacher, time, title, updated_at, id) 
    values
        (?, ?, ?, ?, ?, ?, ?, ?, ?, ?, default)
Hibernate: 
    insert 
    into
        class_sessions
        (created_at, date, duration, participants, status, subject, teacher, time, title, updated_at, id) 
    values
        (?, ?, ?, ?, ?, ?, ?, ?, ?, ?, default)
2025-10-22T04:59:43.413Z DEBUG 7952 --- [nxt-class-backend] [           main] org.hibernate.SQL                        : 
    insert 
    into
        class_sessions
        (created_at, date, duration, participants, status, subject, teacher, time, title, updated_at, id) 
    values
        (?, ?, ?, ?, ?, ?, ?, ?, ?, ?, default)
Hibernate: 
    insert 
    into
        class_sessions
        (created_at, date, duration, participants, status, subject, teacher, time, title, updated_at, id) 
    values
        (?, ?, ?, ?, ?, ?, ?, ?, ?, ?, default)
2025-10-22T04:59:43.415Z DEBUG 7952 --- [nxt-class-backend] [           main] org.hibernate.SQL                        : 
    insert 
    into
        class_sessions
        (created_at, date, duration, participants, status, subject, teacher, time, title, updated_at, id) 
    values
        (?, ?, ?, ?, ?, ?, ?, ?, ?, ?, default)
Hibernate: 
    insert 
    into
        class_sessions
        (created_at, date, duration, participants, status, subject, teacher, time, title, updated_at, id) 
    values
        (?, ?, ?, ?, ?, ?, ?, ?, ?, ?, default)
2025-10-22T04:59:43.418Z DEBUG 7952 --- [nxt-class-backend] [           main] org.hibernate.SQL                        : 
    delete 
    from
        users 
    where
        id=?
Hibernate: 
    delete 
    from
        users 
    where
        id=?
2025-10-22T04:59:43.418Z DEBUG 7952 --- [nxt-class-backend] [           main] org.hibernate.SQL                        : 
    delete 
    from
        users 
    where
        id=?
Hibernate: 
    delete 
    from
        users 
    where
        id=?
2025-10-22T04:59:43.419Z DEBUG 7952 --- [nxt-class-backend] [           main] org.hibernate.SQL                        : 
    delete 
    from
        users 
    where
        id=?
Hibernate: 
    delete 
    from
        users 
    where
        id=?
2025-10-22T04:59:43.419Z DEBUG 7952 --- [nxt-class-backend] [           main] org.hibernate.SQL                        : 
    delete 
    from
        users 
    where
        id=?
Hibernate: 
    delete 
    from
        users 
    where
        id=?
2025-10-22T04:59:43.420Z DEBUG 7952 --- [nxt-class-backend] [           main] org.hibernate.SQL                        : 
    delete 
    from
        users 
    where
        id=?
Hibernate: 
    delete 
    from
        users 
    where
        id=?
2025-10-22T04:59:43.420Z DEBUG 7952 --- [nxt-class-backend] [           main] org.hibernate.SQL                        : 
    delete 
    from
        users 
    where
        id=?
Hibernate: 
    delete 
    from
        users 
    where
        id=?
2025-10-22T04:59:43.421Z DEBUG 7952 --- [nxt-class-backend] [           main] org.hibernate.SQL                        : 
    delete 
    from
        class_sessions 
    where
        id=?
Hibernate: 
    delete 
    from
        class_sessions 
    where
        id=?
2025-10-22T04:59:43.421Z DEBUG 7952 --- [nxt-class-backend] [           main] org.hibernate.SQL                        : 
    delete 
    from
        class_sessions 
    where
        id=?
Hibernate: 
    delete 
    from
        class_sessions 
    where
        id=?
2025-10-22T04:59:43.422Z DEBUG 7952 --- [nxt-class-backend] [           main] org.hibernate.SQL                        : 
    delete 
    from
        class_sessions 
    where
        id=?
Hibernate: 
    delete 
    from
        class_sessions 
    where
        id=?
2025-10-22T04:59:43.422Z DEBUG 7952 --- [nxt-class-backend] [           main] org.hibernate.SQL                        : 
    delete 
    from
        assignments 
    where
        id=?
Hibernate: 
    delete 
    from
        assignments 
    where
        id=?
2025-10-22T04:59:43.423Z DEBUG 7952 --- [nxt-class-backend] [           main] org.hibernate.SQL                        : 
    delete 
    from
        assignments 
    where
        id=?
Hibernate: 
    delete 
    from
        assignments 
    where
        id=?
2025-10-22T04:59:43.423Z DEBUG 7952 --- [nxt-class-backend] [           main] org.hibernate.SQL                        : 
    delete 
    from
        assignments 
    where
        id=?
Hibernate: 
    delete 
    from
        assignments 
    where
        id=?
2025-10-22T04:59:43.424Z DEBUG 7952 --- [nxt-class-backend] [           main] org.hibernate.SQL                        : 
    delete 
    from
        assignments 
    where
        id=?
Hibernate: 
    delete 
    from
        assignments 
    where
        id=?
2025-10-22T04:59:43.424Z DEBUG 7952 --- [nxt-class-backend] [           main] org.hibernate.SQL                        : 
    delete 
    from
        announcements 
    where
        id=?
Hibernate: 
    delete 
    from
        announcements 
    where
        id=?
2025-10-22T04:59:43.425Z DEBUG 7952 --- [nxt-class-backend] [           main] org.hibernate.SQL                        : 
    delete 
    from
        announcements 
    where
        id=?
Hibernate: 
    delete 
    from
        announcements 
    where
        id=?
2025-10-22T04:59:43.425Z DEBUG 7952 --- [nxt-class-backend] [           main] org.hibernate.SQL                        : 
    delete 
    from
        announcements 
    where
        id=?
Hibernate: 
    delete 
    from
        announcements 
    where
        id=?
2025-10-22T04:59:43.426Z DEBUG 7952 --- [nxt-class-backend] [           main] org.hibernate.SQL                        : 
    select
        cs1_0.id,
        cs1_0.created_at,
        cs1_0.date,
        cs1_0.duration,
        cs1_0.participants,
        cs1_0.status,
        cs1_0.subject,
        cs1_0.teacher,
        cs1_0.time,
        cs1_0.title,
        cs1_0.updated_at 
    from
        class_sessions cs1_0 
    where
        cs1_0.status=?
Hibernate: 
    select
        cs1_0.id,
        cs1_0.created_at,
        cs1_0.date,
        cs1_0.duration,
        cs1_0.participants,
        cs1_0.status,
        cs1_0.subject,
        cs1_0.teacher,
        cs1_0.time,
        cs1_0.title,
        cs1_0.updated_at 
    from
        class_sessions cs1_0 
    where
        cs1_0.status=?
2025-10-22T04:59:43.428Z DEBUG 7952 --- [nxt-class-backend] [           main] org.hibernate.SQL                        : 
    select
        cs1_0.id,
        cs1_0.created_at,
        cs1_0.date,
        cs1_0.duration,
        cs1_0.participants,
        cs1_0.status,
        cs1_0.subject,
        cs1_0.teacher,
        cs1_0.time,
        cs1_0.title,
        cs1_0.updated_at 
    from
        class_sessions cs1_0 
    where
        cs1_0.status=?
Hibernate: 
    select
        cs1_0.id,
        cs1_0.created_at,
        cs1_0.date,
        cs1_0.duration,
        cs1_0.participants,
        cs1_0.status,
        cs1_0.subject,
        cs1_0.teacher,
        cs1_0.time,
        cs1_0.title,
        cs1_0.updated_at 
    from
        class_sessions cs1_0 
    where
        cs1_0.status=?
2025-10-22T04:59:43.430Z DEBUG 7952 --- [nxt-class-backend] [           main] org.hibernate.SQL                        : 
    select
        cs1_0.id,
        cs1_0.created_at,
        cs1_0.date,
        cs1_0.duration,
        cs1_0.participants,
        cs1_0.status,
        cs1_0.subject,
        cs1_0.teacher,
        cs1_0.time,
        cs1_0.title,
        cs1_0.updated_at 
    from
        class_sessions cs1_0 
    where
        cs1_0.status=?
Hibernate: 
    select
        cs1_0.id,
        cs1_0.created_at,
        cs1_0.date,
        cs1_0.duration,
        cs1_0.participants,
        cs1_0.status,
        cs1_0.subject,
        cs1_0.teacher,
        cs1_0.time,
        cs1_0.title,
        cs1_0.updated_at 
    from
        class_sessions cs1_0 
    where
        cs1_0.status=?
]]></system-out>
  </testcase>
  <testcase name="testDataIntegrityAndConstraints" classname="com.nxtclass.integration.DatabaseIntegrationTest" time="0.031">
    <system-out><![CDATA[2025-10-22T04:59:43.441Z DEBUG 7952 --- [nxt-class-backend] [           main] org.hibernate.SQL                        : 
    select
        u1_0.id,
        u1_0.avatar_url,
        u1_0.created_at,
        u1_0.email,
        u1_0.name,
        u1_0.organization,
        u1_0.password,
        u1_0.role,
        u1_0.status,
        u1_0.updated_at 
    from
        users u1_0
Hibernate: 
    select
        u1_0.id,
        u1_0.avatar_url,
        u1_0.created_at,
        u1_0.email,
        u1_0.name,
        u1_0.organization,
        u1_0.password,
        u1_0.role,
        u1_0.status,
        u1_0.updated_at 
    from
        users u1_0
2025-10-22T04:59:43.446Z DEBUG 7952 --- [nxt-class-backend] [           main] org.hibernate.SQL                        : 
    select
        cs1_0.id,
        cs1_0.created_at,
        cs1_0.date,
        cs1_0.duration,
        cs1_0.participants,
        cs1_0.status,
        cs1_0.subject,
        cs1_0.teacher,
        cs1_0.time,
        cs1_0.title,
        cs1_0.updated_at 
    from
        class_sessions cs1_0
Hibernate: 
    select
        cs1_0.id,
        cs1_0.created_at,
        cs1_0.date,
        cs1_0.duration,
        cs1_0.participants,
        cs1_0.status,
        cs1_0.subject,
        cs1_0.teacher,
        cs1_0.time,
        cs1_0.title,
        cs1_0.updated_at 
    from
        class_sessions cs1_0
2025-10-22T04:59:43.449Z DEBUG 7952 --- [nxt-class-backend] [           main] org.hibernate.SQL                        : 
    select
        a1_0.id,
        a1_0.created_at,
        a1_0.description,
        a1_0.due_date,
        a1_0.grade,
        a1_0.status,
        a1_0.subject,
        a1_0.title,
        a1_0.total_points,
        a1_0.updated_at 
    from
        assignments a1_0
Hibernate: 
    select
        a1_0.id,
        a1_0.created_at,
        a1_0.description,
        a1_0.due_date,
        a1_0.grade,
        a1_0.status,
        a1_0.subject,
        a1_0.title,
        a1_0.total_points,
        a1_0.updated_at 
    from
        assignments a1_0
2025-10-22T04:59:43.451Z DEBUG 7952 --- [nxt-class-backend] [           main] org.hibernate.SQL                        : 
    select
        a1_0.id,
        a1_0.author,
        a1_0.content,
        a1_0.created_at,
        a1_0.date,
        a1_0.priority,
        a1_0.title,
        a1_0.updated_at 
    from
        announcements a1_0
Hibernate: 
    select
        a1_0.id,
        a1_0.author,
        a1_0.content,
        a1_0.created_at,
        a1_0.date,
        a1_0.priority,
        a1_0.title,
        a1_0.updated_at 
    from
        announcements a1_0
2025-10-22T04:59:43.454Z DEBUG 7952 --- [nxt-class-backend] [           main] org.hibernate.SQL                        : 
    insert 
    into
        users
        (avatar_url, created_at, email, name, organization, password, role, status, updated_at, id) 
    values
        (?, ?, ?, ?, ?, ?, ?, ?, ?, default)
Hibernate: 
    insert 
    into
        users
        (avatar_url, created_at, email, name, organization, password, role, status, updated_at, id) 
    values
        (?, ?, ?, ?, ?, ?, ?, ?, ?, default)
2025-10-22T04:59:43.457Z DEBUG 7952 --- [nxt-class-backend] [           main] org.hibernate.SQL                        : 
    delete 
    from
        users 
    where
        id=?
Hibernate: 
    delete 
    from
        users 
    where
        id=?
2025-10-22T04:59:43.458Z DEBUG 7952 --- [nxt-class-backend] [           main] org.hibernate.SQL                        : 
    delete 
    from
        users 
    where
        id=?
Hibernate: 
    delete 
    from
        users 
    where
        id=?
2025-10-22T04:59:43.458Z DEBUG 7952 --- [nxt-class-backend] [           main] org.hibernate.SQL                        : 
    delete 
    from
        users 
    where
        id=?
Hibernate: 
    delete 
    from
        users 
    where
        id=?
2025-10-22T04:59:43.459Z DEBUG 7952 --- [nxt-class-backend] [           main] org.hibernate.SQL                        : 
    delete 
    from
        users 
    where
        id=?
Hibernate: 
    delete 
    from
        users 
    where
        id=?
2025-10-22T04:59:43.459Z DEBUG 7952 --- [nxt-class-backend] [           main] org.hibernate.SQL                        : 
    delete 
    from
        users 
    where
        id=?
Hibernate: 
    delete 
    from
        users 
    where
        id=?
2025-10-22T04:59:43.460Z DEBUG 7952 --- [nxt-class-backend] [           main] org.hibernate.SQL                        : 
    delete 
    from
        users 
    where
        id=?
Hibernate: 
    delete 
    from
        users 
    where
        id=?
2025-10-22T04:59:43.461Z DEBUG 7952 --- [nxt-class-backend] [           main] org.hibernate.SQL                        : 
    delete 
    from
        class_sessions 
    where
        id=?
Hibernate: 
    delete 
    from
        class_sessions 
    where
        id=?
2025-10-22T04:59:43.461Z DEBUG 7952 --- [nxt-class-backend] [           main] org.hibernate.SQL                        : 
    delete 
    from
        class_sessions 
    where
        id=?
Hibernate: 
    delete 
    from
        class_sessions 
    where
        id=?
2025-10-22T04:59:43.462Z DEBUG 7952 --- [nxt-class-backend] [           main] org.hibernate.SQL                        : 
    delete 
    from
        class_sessions 
    where
        id=?
Hibernate: 
    delete 
    from
        class_sessions 
    where
        id=?
2025-10-22T04:59:43.462Z DEBUG 7952 --- [nxt-class-backend] [           main] org.hibernate.SQL                        : 
    delete 
    from
        assignments 
    where
        id=?
Hibernate: 
    delete 
    from
        assignments 
    where
        id=?
2025-10-22T04:59:43.463Z DEBUG 7952 --- [nxt-class-backend] [           main] org.hibernate.SQL                        : 
    delete 
    from
        assignments 
    where
        id=?
Hibernate: 
    delete 
    from
        assignments 
    where
        id=?
2025-10-22T04:59:43.463Z DEBUG 7952 --- [nxt-class-backend] [           main] org.hibernate.SQL                        : 
    delete 
    from
        assignments 
    where
        id=?
Hibernate: 
    delete 
    from
        assignments 
    where
        id=?
2025-10-22T04:59:43.464Z DEBUG 7952 --- [nxt-class-backend] [           main] org.hibernate.SQL                        : 
    delete 
    from
        assignments 
    where
        id=?
Hibernate: 
    delete 
    from
        assignments 
    where
        id=?
2025-10-22T04:59:43.464Z DEBUG 7952 --- [nxt-class-backend] [           main] org.hibernate.SQL                        : 
    delete 
    from
        announcements 
    where
        id=?
Hibernate: 
    delete 
    from
        announcements 
    where
        id=?
2025-10-22T04:59:43.465Z DEBUG 7952 --- [nxt-class-backend] [           main] org.hibernate.SQL                        : 
    delete 
    from
        announcements 
    where
        id=?
Hibernate: 
    delete 
    from
        announcements 
    where
        id=?
2025-10-22T04:59:43.465Z DEBUG 7952 --- [nxt-class-backend] [           main] org.hibernate.SQL                        : 
    delete 
    from
        announcements 
    where
        id=?
Hibernate: 
    delete 
    from
        announcements 
    where
        id=?
2025-10-22T04:59:43.466Z DEBUG 7952 --- [nxt-class-backend] [           main] org.hibernate.SQL                        : 
    select
        u1_0.id,
        u1_0.avatar_url,
        u1_0.created_at,
        u1_0.email,
        u1_0.name,
        u1_0.organization,
        u1_0.password,
        u1_0.role,
        u1_0.status,
        u1_0.updated_at 
    from
        users u1_0
Hibernate: 
    select
        u1_0.id,
        u1_0.avatar_url,
        u1_0.created_at,
        u1_0.email,
        u1_0.name,
        u1_0.organization,
        u1_0.password,
        u1_0.role,
        u1_0.status,
        u1_0.updated_at 
    from
        users u1_0
]]></system-out>
  </testcase>
  <testcase name="testUpcomingClassesQuery" classname="com.nxtclass.integration.DatabaseIntegrationTest" time="0.043">
    <system-out><![CDATA[2025-10-22T04:59:43.475Z DEBUG 7952 --- [nxt-class-backend] [           main] org.hibernate.SQL                        : 
    select
        u1_0.id,
        u1_0.avatar_url,
        u1_0.created_at,
        u1_0.email,
        u1_0.name,
        u1_0.organization,
        u1_0.password,
        u1_0.role,
        u1_0.status,
        u1_0.updated_at 
    from
        users u1_0
Hibernate: 
    select
        u1_0.id,
        u1_0.avatar_url,
        u1_0.created_at,
        u1_0.email,
        u1_0.name,
        u1_0.organization,
        u1_0.password,
        u1_0.role,
        u1_0.status,
        u1_0.updated_at 
    from
        users u1_0
2025-10-22T04:59:43.479Z DEBUG 7952 --- [nxt-class-backend] [           main] org.hibernate.SQL                        : 
    select
        cs1_0.id,
        cs1_0.created_at,
        cs1_0.date,
        cs1_0.duration,
        cs1_0.participants,
        cs1_0.status,
        cs1_0.subject,
        cs1_0.teacher,
        cs1_0.time,
        cs1_0.title,
        cs1_0.updated_at 
    from
        class_sessions cs1_0
Hibernate: 
    select
        cs1_0.id,
        cs1_0.created_at,
        cs1_0.date,
        cs1_0.duration,
        cs1_0.participants,
        cs1_0.status,
        cs1_0.subject,
        cs1_0.teacher,
        cs1_0.time,
        cs1_0.title,
        cs1_0.updated_at 
    from
        class_sessions cs1_0
2025-10-22T04:59:43.481Z DEBUG 7952 --- [nxt-class-backend] [           main] org.hibernate.SQL                        : 
    select
        a1_0.id,
        a1_0.created_at,
        a1_0.description,
        a1_0.due_date,
        a1_0.grade,
        a1_0.status,
        a1_0.subject,
        a1_0.title,
        a1_0.total_points,
        a1_0.updated_at 
    from
        assignments a1_0
Hibernate: 
    select
        a1_0.id,
        a1_0.created_at,
        a1_0.description,
        a1_0.due_date,
        a1_0.grade,
        a1_0.status,
        a1_0.subject,
        a1_0.title,
        a1_0.total_points,
        a1_0.updated_at 
    from
        assignments a1_0
2025-10-22T04:59:43.484Z DEBUG 7952 --- [nxt-class-backend] [           main] org.hibernate.SQL                        : 
    select
        a1_0.id,
        a1_0.author,
        a1_0.content,
        a1_0.created_at,
        a1_0.date,
        a1_0.priority,
        a1_0.title,
        a1_0.updated_at 
    from
        announcements a1_0
Hibernate: 
    select
        a1_0.id,
        a1_0.author,
        a1_0.content,
        a1_0.created_at,
        a1_0.date,
        a1_0.priority,
        a1_0.title,
        a1_0.updated_at 
    from
        announcements a1_0
2025-10-22T04:59:43.487Z DEBUG 7952 --- [nxt-class-backend] [           main] org.hibernate.SQL                        : 
    insert 
    into
        users
        (avatar_url, created_at, email, name, organization, password, role, status, updated_at, id) 
    values
        (?, ?, ?, ?, ?, ?, ?, ?, ?, default)
Hibernate: 
    insert 
    into
        users
        (avatar_url, created_at, email, name, organization, password, role, status, updated_at, id) 
    values
        (?, ?, ?, ?, ?, ?, ?, ?, ?, default)
2025-10-22T04:59:43.489Z DEBUG 7952 --- [nxt-class-backend] [           main] org.hibernate.SQL                        : 
    insert 
    into
        class_sessions
        (created_at, date, duration, participants, status, subject, teacher, time, title, updated_at, id) 
    values
        (?, ?, ?, ?, ?, ?, ?, ?, ?, ?, default)
Hibernate: 
    insert 
    into
        class_sessions
        (created_at, date, duration, participants, status, subject, teacher, time, title, updated_at, id) 
    values
        (?, ?, ?, ?, ?, ?, ?, ?, ?, ?, default)
2025-10-22T04:59:43.491Z DEBUG 7952 --- [nxt-class-backend] [           main] org.hibernate.SQL                        : 
    insert 
    into
        class_sessions
        (created_at, date, duration, participants, status, subject, teacher, time, title, updated_at, id) 
    values
        (?, ?, ?, ?, ?, ?, ?, ?, ?, ?, default)
Hibernate: 
    insert 
    into
        class_sessions
        (created_at, date, duration, participants, status, subject, teacher, time, title, updated_at, id) 
    values
        (?, ?, ?, ?, ?, ?, ?, ?, ?, ?, default)
2025-10-22T04:59:43.492Z DEBUG 7952 --- [nxt-class-backend] [           main] org.hibernate.SQL                        : 
    insert 
    into
        class_sessions
        (created_at, date, duration, participants, status, subject, teacher, time, title, updated_at, id) 
    values
        (?, ?, ?, ?, ?, ?, ?, ?, ?, ?, default)
Hibernate: 
    insert 
    into
        class_sessions
        (created_at, date, duration, participants, status, subject, teacher, time, title, updated_at, id) 
    values
        (?, ?, ?, ?, ?, ?, ?, ?, ?, ?, default)
2025-10-22T04:59:43.502Z DEBUG 7952 --- [nxt-class-backend] [           main] org.hibernate.SQL                        : 
    delete 
    from
        users 
    where
        id=?
Hibernate: 
    delete 
    from
        users 
    where
        id=?
2025-10-22T04:59:43.502Z DEBUG 7952 --- [nxt-class-backend] [           main] org.hibernate.SQL                        : 
    delete 
    from
        users 
    where
        id=?
Hibernate: 
    delete 
    from
        users 
    where
        id=?
2025-10-22T04:59:43.503Z DEBUG 7952 --- [nxt-class-backend] [           main] org.hibernate.SQL                        : 
    delete 
    from
        users 
    where
        id=?
Hibernate: 
    delete 
    from
        users 
    where
        id=?
2025-10-22T04:59:43.503Z DEBUG 7952 --- [nxt-class-backend] [           main] org.hibernate.SQL                        : 
    delete 
    from
        users 
    where
        id=?
Hibernate: 
    delete 
    from
        users 
    where
        id=?
2025-10-22T04:59:43.504Z DEBUG 7952 --- [nxt-class-backend] [           main] org.hibernate.SQL                        : 
    delete 
    from
        users 
    where
        id=?
Hibernate: 
    delete 
    from
        users 
    where
        id=?
2025-10-22T04:59:43.504Z DEBUG 7952 --- [nxt-class-backend] [           main] org.hibernate.SQL                        : 
    delete 
    from
        users 
    where
        id=?
Hibernate: 
    delete 
    from
        users 
    where
        id=?
2025-10-22T04:59:43.505Z DEBUG 7952 --- [nxt-class-backend] [           main] org.hibernate.SQL                        : 
    delete 
    from
        class_sessions 
    where
        id=?
Hibernate: 
    delete 
    from
        class_sessions 
    where
        id=?
2025-10-22T04:59:43.506Z DEBUG 7952 --- [nxt-class-backend] [           main] org.hibernate.SQL                        : 
    delete 
    from
        class_sessions 
    where
        id=?
Hibernate: 
    delete 
    from
        class_sessions 
    where
        id=?
2025-10-22T04:59:43.506Z DEBUG 7952 --- [nxt-class-backend] [           main] org.hibernate.SQL                        : 
    delete 
    from
        class_sessions 
    where
        id=?
Hibernate: 
    delete 
    from
        class_sessions 
    where
        id=?
2025-10-22T04:59:43.507Z DEBUG 7952 --- [nxt-class-backend] [           main] org.hibernate.SQL                        : 
    delete 
    from
        assignments 
    where
        id=?
Hibernate: 
    delete 
    from
        assignments 
    where
        id=?
2025-10-22T04:59:43.507Z DEBUG 7952 --- [nxt-class-backend] [           main] org.hibernate.SQL                        : 
    delete 
    from
        assignments 
    where
        id=?
Hibernate: 
    delete 
    from
        assignments 
    where
        id=?
2025-10-22T04:59:43.508Z DEBUG 7952 --- [nxt-class-backend] [           main] org.hibernate.SQL                        : 
    delete 
    from
        assignments 
    where
        id=?
Hibernate: 
    delete 
    from
        assignments 
    where
        id=?
2025-10-22T04:59:43.508Z DEBUG 7952 --- [nxt-class-backend] [           main] org.hibernate.SQL                        : 
    delete 
    from
        assignments 
    where
        id=?
Hibernate: 
    delete 
    from
        assignments 
    where
        id=?
2025-10-22T04:59:43.509Z DEBUG 7952 --- [nxt-class-backend] [           main] org.hibernate.SQL                        : 
    delete 
    from
        announcements 
    where
        id=?
Hibernate: 
    delete 
    from
        announcements 
    where
        id=?
2025-10-22T04:59:43.509Z DEBUG 7952 --- [nxt-class-backend] [           main] org.hibernate.SQL                        : 
    delete 
    from
        announcements 
    where
        id=?
Hibernate: 
    delete 
    from
        announcements 
    where
        id=?
2025-10-22T04:59:43.510Z DEBUG 7952 --- [nxt-class-backend] [           main] org.hibernate.SQL                        : 
    delete 
    from
        announcements 
    where
        id=?
Hibernate: 
    delete 
    from
        announcements 
    where
        id=?
2025-10-22T04:59:43.510Z DEBUG 7952 --- [nxt-class-backend] [           main] org.hibernate.SQL                        : 
    select
        cs1_0.id,
        cs1_0.created_at,
        cs1_0.date,
        cs1_0.duration,
        cs1_0.participants,
        cs1_0.status,
        cs1_0.subject,
        cs1_0.teacher,
        cs1_0.time,
        cs1_0.title,
        cs1_0.updated_at 
    from
        class_sessions cs1_0 
    where
        cs1_0.date>=? 
    order by
        cs1_0.date,
        cs1_0.time
Hibernate: 
    select
        cs1_0.id,
        cs1_0.created_at,
        cs1_0.date,
        cs1_0.duration,
        cs1_0.participants,
        cs1_0.status,
        cs1_0.subject,
        cs1_0.teacher,
        cs1_0.time,
        cs1_0.title,
        cs1_0.updated_at 
    from
        class_sessions cs1_0 
    where
        cs1_0.date>=? 
    order by
        cs1_0.date,
        cs1_0.time
]]></system-out>
  </testcase>
  <testcase name="testUserRoleFiltering" classname="com.nxtclass.integration.DatabaseIntegrationTest" time="0.039">
    <system-out><![CDATA[2025-10-22T04:59:43.521Z DEBUG 7952 --- [nxt-class-backend] [           main] org.hibernate.SQL                        : 
    select
        u1_0.id,
        u1_0.avatar_url,
        u1_0.created_at,
        u1_0.email,
        u1_0.name,
        u1_0.organization,
        u1_0.password,
        u1_0.role,
        u1_0.status,
        u1_0.updated_at 
    from
        users u1_0
Hibernate: 
    select
        u1_0.id,
        u1_0.avatar_url,
        u1_0.created_at,
        u1_0.email,
        u1_0.name,
        u1_0.organization,
        u1_0.password,
        u1_0.role,
        u1_0.status,
        u1_0.updated_at 
    from
        users u1_0
2025-10-22T04:59:43.525Z DEBUG 7952 --- [nxt-class-backend] [           main] org.hibernate.SQL                        : 
    select
        cs1_0.id,
        cs1_0.created_at,
        cs1_0.date,
        cs1_0.duration,
        cs1_0.participants,
        cs1_0.status,
        cs1_0.subject,
        cs1_0.teacher,
        cs1_0.time,
        cs1_0.title,
        cs1_0.updated_at 
    from
        class_sessions cs1_0
Hibernate: 
    select
        cs1_0.id,
        cs1_0.created_at,
        cs1_0.date,
        cs1_0.duration,
        cs1_0.participants,
        cs1_0.status,
        cs1_0.subject,
        cs1_0.teacher,
        cs1_0.time,
        cs1_0.title,
        cs1_0.updated_at 
    from
        class_sessions cs1_0
2025-10-22T04:59:43.528Z DEBUG 7952 --- [nxt-class-backend] [           main] org.hibernate.SQL                        : 
    select
        a1_0.id,
        a1_0.created_at,
        a1_0.description,
        a1_0.due_date,
        a1_0.grade,
        a1_0.status,
        a1_0.subject,
        a1_0.title,
        a1_0.total_points,
        a1_0.updated_at 
    from
        assignments a1_0
Hibernate: 
    select
        a1_0.id,
        a1_0.created_at,
        a1_0.description,
        a1_0.due_date,
        a1_0.grade,
        a1_0.status,
        a1_0.subject,
        a1_0.title,
        a1_0.total_points,
        a1_0.updated_at 
    from
        assignments a1_0
2025-10-22T04:59:43.532Z DEBUG 7952 --- [nxt-class-backend] [           main] org.hibernate.SQL                        : 
    select
        a1_0.id,
        a1_0.author,
        a1_0.content,
        a1_0.created_at,
        a1_0.date,
        a1_0.priority,
        a1_0.title,
        a1_0.updated_at 
    from
        announcements a1_0
Hibernate: 
    select
        a1_0.id,
        a1_0.author,
        a1_0.content,
        a1_0.created_at,
        a1_0.date,
        a1_0.priority,
        a1_0.title,
        a1_0.updated_at 
    from
        announcements a1_0
2025-10-22T04:59:43.534Z DEBUG 7952 --- [nxt-class-backend] [           main] org.hibernate.SQL                        : 
    insert 
    into
        users
        (avatar_url, created_at, email, name, organization, password, role, status, updated_at, id) 
    values
        (?, ?, ?, ?, ?, ?, ?, ?, ?, default)
Hibernate: 
    insert 
    into
        users
        (avatar_url, created_at, email, name, organization, password, role, status, updated_at, id) 
    values
        (?, ?, ?, ?, ?, ?, ?, ?, ?, default)
2025-10-22T04:59:43.536Z DEBUG 7952 --- [nxt-class-backend] [           main] org.hibernate.SQL                        : 
    insert 
    into
        users
        (avatar_url, created_at, email, name, organization, password, role, status, updated_at, id) 
    values
        (?, ?, ?, ?, ?, ?, ?, ?, ?, default)
Hibernate: 
    insert 
    into
        users
        (avatar_url, created_at, email, name, organization, password, role, status, updated_at, id) 
    values
        (?, ?, ?, ?, ?, ?, ?, ?, ?, default)
2025-10-22T04:59:43.538Z DEBUG 7952 --- [nxt-class-backend] [           main] org.hibernate.SQL                        : 
    insert 
    into
        users
        (avatar_url, created_at, email, name, organization, password, role, status, updated_at, id) 
    values
        (?, ?, ?, ?, ?, ?, ?, ?, ?, default)
Hibernate: 
    insert 
    into
        users
        (avatar_url, created_at, email, name, organization, password, role, status, updated_at, id) 
    values
        (?, ?, ?, ?, ?, ?, ?, ?, ?, default)
2025-10-22T04:59:43.541Z DEBUG 7952 --- [nxt-class-backend] [           main] org.hibernate.SQL                        : 
    delete 
    from
        users 
    where
        id=?
Hibernate: 
    delete 
    from
        users 
    where
        id=?
2025-10-22T04:59:43.541Z DEBUG 7952 --- [nxt-class-backend] [           main] org.hibernate.SQL                        : 
    delete 
    from
        users 
    where
        id=?
Hibernate: 
    delete 
    from
        users 
    where
        id=?
2025-10-22T04:59:43.542Z DEBUG 7952 --- [nxt-class-backend] [           main] org.hibernate.SQL                        : 
    delete 
    from
        users 
    where
        id=?
Hibernate: 
    delete 
    from
        users 
    where
        id=?
2025-10-22T04:59:43.543Z DEBUG 7952 --- [nxt-class-backend] [           main] org.hibernate.SQL                        : 
    delete 
    from
        users 
    where
        id=?
Hibernate: 
    delete 
    from
        users 
    where
        id=?
2025-10-22T04:59:43.543Z DEBUG 7952 --- [nxt-class-backend] [           main] org.hibernate.SQL                        : 
    delete 
    from
        users 
    where
        id=?
Hibernate: 
    delete 
    from
        users 
    where
        id=?
2025-10-22T04:59:43.544Z DEBUG 7952 --- [nxt-class-backend] [           main] org.hibernate.SQL                        : 
    delete 
    from
        users 
    where
        id=?
Hibernate: 
    delete 
    from
        users 
    where
        id=?
2025-10-22T04:59:43.544Z DEBUG 7952 --- [nxt-class-backend] [           main] org.hibernate.SQL                        : 
    delete 
    from
        class_sessions 
    where
        id=?
Hibernate: 
    delete 
    from
        class_sessions 
    where
        id=?
2025-10-22T04:59:43.545Z DEBUG 7952 --- [nxt-class-backend] [           main] org.hibernate.SQL                        : 
    delete 
    from
        class_sessions 
    where
        id=?
Hibernate: 
    delete 
    from
        class_sessions 
    where
        id=?
2025-10-22T04:59:43.545Z DEBUG 7952 --- [nxt-class-backend] [           main] org.hibernate.SQL                        : 
    delete 
    from
        class_sessions 
    where
        id=?
Hibernate: 
    delete 
    from
        class_sessions 
    where
        id=?
2025-10-22T04:59:43.546Z DEBUG 7952 --- [nxt-class-backend] [           main] org.hibernate.SQL                        : 
    delete 
    from
        assignments 
    where
        id=?
Hibernate: 
    delete 
    from
        assignments 
    where
        id=?
2025-10-22T04:59:43.546Z DEBUG 7952 --- [nxt-class-backend] [           main] org.hibernate.SQL                        : 
    delete 
    from
        assignments 
    where
        id=?
Hibernate: 
    delete 
    from
        assignments 
    where
        id=?
2025-10-22T04:59:43.547Z DEBUG 7952 --- [nxt-class-backend] [           main] org.hibernate.SQL                        : 
    delete 
    from
        assignments 
    where
        id=?
Hibernate: 
    delete 
    from
        assignments 
    where
        id=?
2025-10-22T04:59:43.547Z DEBUG 7952 --- [nxt-class-backend] [           main] org.hibernate.SQL                        : 
    delete 
    from
        assignments 
    where
        id=?
Hibernate: 
    delete 
    from
        assignments 
    where
        id=?
2025-10-22T04:59:43.548Z DEBUG 7952 --- [nxt-class-backend] [           main] org.hibernate.SQL                        : 
    delete 
    from
        announcements 
    where
        id=?
Hibernate: 
    delete 
    from
        announcements 
    where
        id=?
2025-10-22T04:59:43.548Z DEBUG 7952 --- [nxt-class-backend] [           main] org.hibernate.SQL                        : 
    delete 
    from
        announcements 
    where
        id=?
Hibernate: 
    delete 
    from
        announcements 
    where
        id=?
2025-10-22T04:59:43.549Z DEBUG 7952 --- [nxt-class-backend] [           main] org.hibernate.SQL                        : 
    delete 
    from
        announcements 
    where
        id=?
Hibernate: 
    delete 
    from
        announcements 
    where
        id=?
2025-10-22T04:59:43.550Z DEBUG 7952 --- [nxt-class-backend] [           main] org.hibernate.SQL                        : 
    select
        u1_0.id,
        u1_0.avatar_url,
        u1_0.created_at,
        u1_0.email,
        u1_0.name,
        u1_0.organization,
        u1_0.password,
        u1_0.role,
        u1_0.status,
        u1_0.updated_at 
    from
        users u1_0 
    where
        u1_0.role=?
Hibernate: 
    select
        u1_0.id,
        u1_0.avatar_url,
        u1_0.created_at,
        u1_0.email,
        u1_0.name,
        u1_0.organization,
        u1_0.password,
        u1_0.role,
        u1_0.status,
        u1_0.updated_at 
    from
        users u1_0 
    where
        u1_0.role=?
2025-10-22T04:59:43.552Z DEBUG 7952 --- [nxt-class-backend] [           main] org.hibernate.SQL                        : 
    select
        u1_0.id,
        u1_0.avatar_url,
        u1_0.created_at,
        u1_0.email,
        u1_0.name,
        u1_0.organization,
        u1_0.password,
        u1_0.role,
        u1_0.status,
        u1_0.updated_at 
    from
        users u1_0 
    where
        u1_0.role=?
Hibernate: 
    select
        u1_0.id,
        u1_0.avatar_url,
        u1_0.created_at,
        u1_0.email,
        u1_0.name,
        u1_0.organization,
        u1_0.password,
        u1_0.role,
        u1_0.status,
        u1_0.updated_at 
    from
        users u1_0 
    where
        u1_0.role=?
2025-10-22T04:59:43.554Z DEBUG 7952 --- [nxt-class-backend] [           main] org.hibernate.SQL                        : 
    select
        u1_0.id,
        u1_0.avatar_url,
        u1_0.created_at,
        u1_0.email,
        u1_0.name,
        u1_0.organization,
        u1_0.password,
        u1_0.role,
        u1_0.status,
        u1_0.updated_at 
    from
        users u1_0 
    where
        u1_0.role=?
Hibernate: 
    select
        u1_0.id,
        u1_0.avatar_url,
        u1_0.created_at,
        u1_0.email,
        u1_0.name,
        u1_0.organization,
        u1_0.password,
        u1_0.role,
        u1_0.status,
        u1_0.updated_at 
    from
        users u1_0 
    where
        u1_0.role=?
]]></system-out>
  </testcase>
  <testcase name="testAssignmentCreationAndStatusFiltering" classname="com.nxtclass.integration.DatabaseIntegrationTest" time="0.035">
    <system-out><![CDATA[2025-10-22T04:59:43.563Z DEBUG 7952 --- [nxt-class-backend] [           main] org.hibernate.SQL                        : 
    select
        u1_0.id,
        u1_0.avatar_url,
        u1_0.created_at,
        u1_0.email,
        u1_0.name,
        u1_0.organization,
        u1_0.password,
        u1_0.role,
        u1_0.status,
        u1_0.updated_at 
    from
        users u1_0
Hibernate: 
    select
        u1_0.id,
        u1_0.avatar_url,
        u1_0.created_at,
        u1_0.email,
        u1_0.name,
        u1_0.organization,
        u1_0.password,
        u1_0.role,
        u1_0.status,
        u1_0.updated_at 
    from
        users u1_0
2025-10-22T04:59:43.567Z DEBUG 7952 --- [nxt-class-backend] [           main] org.hibernate.SQL                        : 
    select
        cs1_0.id,
        cs1_0.created_at,
        cs1_0.date,
        cs1_0.duration,
        cs1_0.participants,
        cs1_0.status,
        cs1_0.subject,
        cs1_0.teacher,
        cs1_0.time,
        cs1_0.title,
        cs1_0.updated_at 
    from
        class_sessions cs1_0
Hibernate: 
    select
        cs1_0.id,
        cs1_0.created_at,
        cs1_0.date,
        cs1_0.duration,
        cs1_0.participants,
        cs1_0.status,
        cs1_0.subject,
        cs1_0.teacher,
        cs1_0.time,
        cs1_0.title,
        cs1_0.updated_at 
    from
        class_sessions cs1_0
2025-10-22T04:59:43.570Z DEBUG 7952 --- [nxt-class-backend] [           main] org.hibernate.SQL                        : 
    select
        a1_0.id,
        a1_0.created_at,
        a1_0.description,
        a1_0.due_date,
        a1_0.grade,
        a1_0.status,
        a1_0.subject,
        a1_0.title,
        a1_0.total_points,
        a1_0.updated_at 
    from
        assignments a1_0
Hibernate: 
    select
        a1_0.id,
        a1_0.created_at,
        a1_0.description,
        a1_0.due_date,
        a1_0.grade,
        a1_0.status,
        a1_0.subject,
        a1_0.title,
        a1_0.total_points,
        a1_0.updated_at 
    from
        assignments a1_0
2025-10-22T04:59:43.573Z DEBUG 7952 --- [nxt-class-backend] [           main] org.hibernate.SQL                        : 
    select
        a1_0.id,
        a1_0.author,
        a1_0.content,
        a1_0.created_at,
        a1_0.date,
        a1_0.priority,
        a1_0.title,
        a1_0.updated_at 
    from
        announcements a1_0
Hibernate: 
    select
        a1_0.id,
        a1_0.author,
        a1_0.content,
        a1_0.created_at,
        a1_0.date,
        a1_0.priority,
        a1_0.title,
        a1_0.updated_at 
    from
        announcements a1_0
2025-10-22T04:59:43.575Z DEBUG 7952 --- [nxt-class-backend] [           main] org.hibernate.SQL                        : 
    insert 
    into
        assignments
        (created_at, description, due_date, grade, status, subject, title, total_points, updated_at, id) 
    values
        (?, ?, ?, ?, ?, ?, ?, ?, ?, default)
Hibernate: 
    insert 
    into
        assignments
        (created_at, description, due_date, grade, status, subject, title, total_points, updated_at, id) 
    values
        (?, ?, ?, ?, ?, ?, ?, ?, ?, default)
2025-10-22T04:59:43.577Z DEBUG 7952 --- [nxt-class-backend] [           main] org.hibernate.SQL                        : 
    insert 
    into
        assignments
        (created_at, description, due_date, grade, status, subject, title, total_points, updated_at, id) 
    values
        (?, ?, ?, ?, ?, ?, ?, ?, ?, default)
Hibernate: 
    insert 
    into
        assignments
        (created_at, description, due_date, grade, status, subject, title, total_points, updated_at, id) 
    values
        (?, ?, ?, ?, ?, ?, ?, ?, ?, default)
2025-10-22T04:59:43.578Z DEBUG 7952 --- [nxt-class-backend] [           main] org.hibernate.SQL                        : 
    insert 
    into
        assignments
        (created_at, description, due_date, grade, status, subject, title, total_points, updated_at, id) 
    values
        (?, ?, ?, ?, ?, ?, ?, ?, ?, default)
Hibernate: 
    insert 
    into
        assignments
        (created_at, description, due_date, grade, status, subject, title, total_points, updated_at, id) 
    values
        (?, ?, ?, ?, ?, ?, ?, ?, ?, default)
2025-10-22T04:59:43.581Z DEBUG 7952 --- [nxt-class-backend] [           main] org.hibernate.SQL                        : 
    delete 
    from
        users 
    where
        id=?
Hibernate: 
    delete 
    from
        users 
    where
        id=?
2025-10-22T04:59:43.581Z DEBUG 7952 --- [nxt-class-backend] [           main] org.hibernate.SQL                        : 
    delete 
    from
        users 
    where
        id=?
Hibernate: 
    delete 
    from
        users 
    where
        id=?
2025-10-22T04:59:43.582Z DEBUG 7952 --- [nxt-class-backend] [           main] org.hibernate.SQL                        : 
    delete 
    from
        users 
    where
        id=?
Hibernate: 
    delete 
    from
        users 
    where
        id=?
2025-10-22T04:59:43.582Z DEBUG 7952 --- [nxt-class-backend] [           main] org.hibernate.SQL                        : 
    delete 
    from
        users 
    where
        id=?
Hibernate: 
    delete 
    from
        users 
    where
        id=?
2025-10-22T04:59:43.583Z DEBUG 7952 --- [nxt-class-backend] [           main] org.hibernate.SQL                        : 
    delete 
    from
        users 
    where
        id=?
Hibernate: 
    delete 
    from
        users 
    where
        id=?
2025-10-22T04:59:43.583Z DEBUG 7952 --- [nxt-class-backend] [           main] org.hibernate.SQL                        : 
    delete 
    from
        users 
    where
        id=?
Hibernate: 
    delete 
    from
        users 
    where
        id=?
2025-10-22T04:59:43.584Z DEBUG 7952 --- [nxt-class-backend] [           main] org.hibernate.SQL                        : 
    delete 
    from
        class_sessions 
    where
        id=?
Hibernate: 
    delete 
    from
        class_sessions 
    where
        id=?
2025-10-22T04:59:43.584Z DEBUG 7952 --- [nxt-class-backend] [           main] org.hibernate.SQL                        : 
    delete 
    from
        class_sessions 
    where
        id=?
Hibernate: 
    delete 
    from
        class_sessions 
    where
        id=?
2025-10-22T04:59:43.585Z DEBUG 7952 --- [nxt-class-backend] [           main] org.hibernate.SQL                        : 
    delete 
    from
        class_sessions 
    where
        id=?
Hibernate: 
    delete 
    from
        class_sessions 
    where
        id=?
2025-10-22T04:59:43.585Z DEBUG 7952 --- [nxt-class-backend] [           main] org.hibernate.SQL                        : 
    delete 
    from
        assignments 
    where
        id=?
Hibernate: 
    delete 
    from
        assignments 
    where
        id=?
2025-10-22T04:59:43.586Z DEBUG 7952 --- [nxt-class-backend] [           main] org.hibernate.SQL                        : 
    delete 
    from
        assignments 
    where
        id=?
Hibernate: 
    delete 
    from
        assignments 
    where
        id=?
2025-10-22T04:59:43.586Z DEBUG 7952 --- [nxt-class-backend] [           main] org.hibernate.SQL                        : 
    delete 
    from
        assignments 
    where
        id=?
Hibernate: 
    delete 
    from
        assignments 
    where
        id=?
2025-10-22T04:59:43.586Z DEBUG 7952 --- [nxt-class-backend] [           main] org.hibernate.SQL                        : 
    delete 
    from
        assignments 
    where
        id=?
Hibernate: 
    delete 
    from
        assignments 
    where
        id=?
2025-10-22T04:59:43.587Z DEBUG 7952 --- [nxt-class-backend] [           main] org.hibernate.SQL                        : 
    delete 
    from
        announcements 
    where
        id=?
Hibernate: 
    delete 
    from
        announcements 
    where
        id=?
2025-10-22T04:59:43.587Z DEBUG 7952 --- [nxt-class-backend] [           main] org.hibernate.SQL                        : 
    delete 
    from
        announcements 
    where
        id=?
Hibernate: 
    delete 
    from
        announcements 
    where
        id=?
2025-10-22T04:59:43.588Z DEBUG 7952 --- [nxt-class-backend] [           main] org.hibernate.SQL                        : 
    delete 
    from
        announcements 
    where
        id=?
Hibernate: 
    delete 
    from
        announcements 
    where
        id=?
2025-10-22T04:59:43.588Z DEBUG 7952 --- [nxt-class-backend] [           main] org.hibernate.SQL                        : 
    select
        a1_0.id,
        a1_0.created_at,
        a1_0.description,
        a1_0.due_date,
        a1_0.grade,
        a1_0.status,
        a1_0.subject,
        a1_0.title,
        a1_0.total_points,
        a1_0.updated_at 
    from
        assignments a1_0 
    where
        a1_0.status=?
Hibernate: 
    select
        a1_0.id,
        a1_0.created_at,
        a1_0.description,
        a1_0.due_date,
        a1_0.grade,
        a1_0.status,
        a1_0.subject,
        a1_0.title,
        a1_0.total_points,
        a1_0.updated_at 
    from
        assignments a1_0 
    where
        a1_0.status=?
2025-10-22T04:59:43.591Z DEBUG 7952 --- [nxt-class-backend] [           main] org.hibernate.SQL                        : 
    select
        a1_0.id,
        a1_0.created_at,
        a1_0.description,
        a1_0.due_date,
        a1_0.grade,
        a1_0.status,
        a1_0.subject,
        a1_0.title,
        a1_0.total_points,
        a1_0.updated_at 
    from
        assignments a1_0 
    where
        a1_0.status=?
Hibernate: 
    select
        a1_0.id,
        a1_0.created_at,
        a1_0.description,
        a1_0.due_date,
        a1_0.grade,
        a1_0.status,
        a1_0.subject,
        a1_0.title,
        a1_0.total_points,
        a1_0.updated_at 
    from
        assignments a1_0 
    where
        a1_0.status=?
2025-10-22T04:59:43.592Z DEBUG 7952 --- [nxt-class-backend] [           main] org.hibernate.SQL                        : 
    select
        a1_0.id,
        a1_0.created_at,
        a1_0.description,
        a1_0.due_date,
        a1_0.grade,
        a1_0.status,
        a1_0.subject,
        a1_0.title,
        a1_0.total_points,
        a1_0.updated_at 
    from
        assignments a1_0 
    where
        a1_0.status=?
Hibernate: 
    select
        a1_0.id,
        a1_0.created_at,
        a1_0.description,
        a1_0.due_date,
        a1_0.grade,
        a1_0.status,
        a1_0.subject,
        a1_0.title,
        a1_0.total_points,
        a1_0.updated_at 
    from
        assignments a1_0 
    where
        a1_0.status=?
]]></system-out>
  </testcase>
  <testcase name="testAnnouncementCreationAndPriorityFiltering" classname="com.nxtclass.integration.DatabaseIntegrationTest" time="0.032">
    <system-out><![CDATA[2025-10-22T04:59:43.603Z DEBUG 7952 --- [nxt-class-backend] [           main] org.hibernate.SQL                        : 
    select
        u1_0.id,
        u1_0.avatar_url,
        u1_0.created_at,
        u1_0.email,
        u1_0.name,
        u1_0.organization,
        u1_0.password,
        u1_0.role,
        u1_0.status,
        u1_0.updated_at 
    from
        users u1_0
Hibernate: 
    select
        u1_0.id,
        u1_0.avatar_url,
        u1_0.created_at,
        u1_0.email,
        u1_0.name,
        u1_0.organization,
        u1_0.password,
        u1_0.role,
        u1_0.status,
        u1_0.updated_at 
    from
        users u1_0
2025-10-22T04:59:43.606Z DEBUG 7952 --- [nxt-class-backend] [           main] org.hibernate.SQL                        : 
    select
        cs1_0.id,
        cs1_0.created_at,
        cs1_0.date,
        cs1_0.duration,
        cs1_0.participants,
        cs1_0.status,
        cs1_0.subject,
        cs1_0.teacher,
        cs1_0.time,
        cs1_0.title,
        cs1_0.updated_at 
    from
        class_sessions cs1_0
Hibernate: 
    select
        cs1_0.id,
        cs1_0.created_at,
        cs1_0.date,
        cs1_0.duration,
        cs1_0.participants,
        cs1_0.status,
        cs1_0.subject,
        cs1_0.teacher,
        cs1_0.time,
        cs1_0.title,
        cs1_0.updated_at 
    from
        class_sessions cs1_0
2025-10-22T04:59:43.608Z DEBUG 7952 --- [nxt-class-backend] [           main] org.hibernate.SQL                        : 
    select
        a1_0.id,
        a1_0.created_at,
        a1_0.description,
        a1_0.due_date,
        a1_0.grade,
        a1_0.status,
        a1_0.subject,
        a1_0.title,
        a1_0.total_points,
        a1_0.updated_at 
    from
        assignments a1_0
Hibernate: 
    select
        a1_0.id,
        a1_0.created_at,
        a1_0.description,
        a1_0.due_date,
        a1_0.grade,
        a1_0.status,
        a1_0.subject,
        a1_0.title,
        a1_0.total_points,
        a1_0.updated_at 
    from
        assignments a1_0
2025-10-22T04:59:43.610Z DEBUG 7952 --- [nxt-class-backend] [           main] org.hibernate.SQL                        : 
    select
        a1_0.id,
        a1_0.author,
        a1_0.content,
        a1_0.created_at,
        a1_0.date,
        a1_0.priority,
        a1_0.title,
        a1_0.updated_at 
    from
        announcements a1_0
Hibernate: 
    select
        a1_0.id,
        a1_0.author,
        a1_0.content,
        a1_0.created_at,
        a1_0.date,
        a1_0.priority,
        a1_0.title,
        a1_0.updated_at 
    from
        announcements a1_0
2025-10-22T04:59:43.613Z DEBUG 7952 --- [nxt-class-backend] [           main] org.hibernate.SQL                        : 
    insert 
    into
        announcements
        (author, content, created_at, date, priority, title, updated_at, id) 
    values
        (?, ?, ?, ?, ?, ?, ?, default)
Hibernate: 
    insert 
    into
        announcements
        (author, content, created_at, date, priority, title, updated_at, id) 
    values
        (?, ?, ?, ?, ?, ?, ?, default)
2025-10-22T04:59:43.614Z DEBUG 7952 --- [nxt-class-backend] [           main] org.hibernate.SQL                        : 
    insert 
    into
        announcements
        (author, content, created_at, date, priority, title, updated_at, id) 
    values
        (?, ?, ?, ?, ?, ?, ?, default)
Hibernate: 
    insert 
    into
        announcements
        (author, content, created_at, date, priority, title, updated_at, id) 
    values
        (?, ?, ?, ?, ?, ?, ?, default)
2025-10-22T04:59:43.616Z DEBUG 7952 --- [nxt-class-backend] [           main] org.hibernate.SQL                        : 
    insert 
    into
        announcements
        (author, content, created_at, date, priority, title, updated_at, id) 
    values
        (?, ?, ?, ?, ?, ?, ?, default)
Hibernate: 
    insert 
    into
        announcements
        (author, content, created_at, date, priority, title, updated_at, id) 
    values
        (?, ?, ?, ?, ?, ?, ?, default)
2025-10-22T04:59:43.618Z DEBUG 7952 --- [nxt-class-backend] [           main] org.hibernate.SQL                        : 
    delete 
    from
        users 
    where
        id=?
Hibernate: 
    delete 
    from
        users 
    where
        id=?
2025-10-22T04:59:43.619Z DEBUG 7952 --- [nxt-class-backend] [           main] org.hibernate.SQL                        : 
    delete 
    from
        users 
    where
        id=?
Hibernate: 
    delete 
    from
        users 
    where
        id=?
2025-10-22T04:59:43.619Z DEBUG 7952 --- [nxt-class-backend] [           main] org.hibernate.SQL                        : 
    delete 
    from
        users 
    where
        id=?
Hibernate: 
    delete 
    from
        users 
    where
        id=?
2025-10-22T04:59:43.620Z DEBUG 7952 --- [nxt-class-backend] [           main] org.hibernate.SQL                        : 
    delete 
    from
        users 
    where
        id=?
Hibernate: 
    delete 
    from
        users 
    where
        id=?
2025-10-22T04:59:43.620Z DEBUG 7952 --- [nxt-class-backend] [           main] org.hibernate.SQL                        : 
    delete 
    from
        users 
    where
        id=?
Hibernate: 
    delete 
    from
        users 
    where
        id=?
2025-10-22T04:59:43.621Z DEBUG 7952 --- [nxt-class-backend] [           main] org.hibernate.SQL                        : 
    delete 
    from
        users 
    where
        id=?
Hibernate: 
    delete 
    from
        users 
    where
        id=?
2025-10-22T04:59:43.621Z DEBUG 7952 --- [nxt-class-backend] [           main] org.hibernate.SQL                        : 
    delete 
    from
        class_sessions 
    where
        id=?
Hibernate: 
    delete 
    from
        class_sessions 
    where
        id=?
2025-10-22T04:59:43.622Z DEBUG 7952 --- [nxt-class-backend] [           main] org.hibernate.SQL                        : 
    delete 
    from
        class_sessions 
    where
        id=?
Hibernate: 
    delete 
    from
        class_sessions 
    where
        id=?
2025-10-22T04:59:43.622Z DEBUG 7952 --- [nxt-class-backend] [           main] org.hibernate.SQL                        : 
    delete 
    from
        class_sessions 
    where
        id=?
Hibernate: 
    delete 
    from
        class_sessions 
    where
        id=?
2025-10-22T04:59:43.623Z DEBUG 7952 --- [nxt-class-backend] [           main] org.hibernate.SQL                        : 
    delete 
    from
        assignments 
    where
        id=?
Hibernate: 
    delete 
    from
        assignments 
    where
        id=?
2025-10-22T04:59:43.623Z DEBUG 7952 --- [nxt-class-backend] [           main] org.hibernate.SQL                        : 
    delete 
    from
        assignments 
    where
        id=?
Hibernate: 
    delete 
    from
        assignments 
    where
        id=?
2025-10-22T04:59:43.623Z DEBUG 7952 --- [nxt-class-backend] [           main] org.hibernate.SQL                        : 
    delete 
    from
        assignments 
    where
        id=?
Hibernate: 
    delete 
    from
        assignments 
    where
        id=?
2025-10-22T04:59:43.624Z DEBUG 7952 --- [nxt-class-backend] [           main] org.hibernate.SQL                        : 
    delete 
    from
        assignments 
    where
        id=?
Hibernate: 
    delete 
    from
        assignments 
    where
        id=?
2025-10-22T04:59:43.624Z DEBUG 7952 --- [nxt-class-backend] [           main] org.hibernate.SQL                        : 
    delete 
    from
        announcements 
    where
        id=?
Hibernate: 
    delete 
    from
        announcements 
    where
        id=?
2025-10-22T04:59:43.625Z DEBUG 7952 --- [nxt-class-backend] [           main] org.hibernate.SQL                        : 
    delete 
    from
        announcements 
    where
        id=?
Hibernate: 
    delete 
    from
        announcements 
    where
        id=?
2025-10-22T04:59:43.625Z DEBUG 7952 --- [nxt-class-backend] [           main] org.hibernate.SQL                        : 
    delete 
    from
        announcements 
    where
        id=?
Hibernate: 
    delete 
    from
        announcements 
    where
        id=?
2025-10-22T04:59:43.626Z DEBUG 7952 --- [nxt-class-backend] [           main] org.hibernate.SQL                        : 
    select
        a1_0.id,
        a1_0.author,
        a1_0.content,
        a1_0.created_at,
        a1_0.date,
        a1_0.priority,
        a1_0.title,
        a1_0.updated_at 
    from
        announcements a1_0 
    where
        a1_0.priority=?
Hibernate: 
    select
        a1_0.id,
        a1_0.author,
        a1_0.content,
        a1_0.created_at,
        a1_0.date,
        a1_0.priority,
        a1_0.title,
        a1_0.updated_at 
    from
        announcements a1_0 
    where
        a1_0.priority=?
2025-10-22T04:59:43.628Z DEBUG 7952 --- [nxt-class-backend] [           main] org.hibernate.SQL                        : 
    select
        a1_0.id,
        a1_0.author,
        a1_0.content,
        a1_0.created_at,
        a1_0.date,
        a1_0.priority,
        a1_0.title,
        a1_0.updated_at 
    from
        announcements a1_0 
    where
        a1_0.priority=?
Hibernate: 
    select
        a1_0.id,
        a1_0.author,
        a1_0.content,
        a1_0.created_at,
        a1_0.date,
        a1_0.priority,
        a1_0.title,
        a1_0.updated_at 
    from
        announcements a1_0 
    where
        a1_0.priority=?
2025-10-22T04:59:43.629Z DEBUG 7952 --- [nxt-class-backend] [           main] org.hibernate.SQL                        : 
    select
        a1_0.id,
        a1_0.author,
        a1_0.content,
        a1_0.created_at,
        a1_0.date,
        a1_0.priority,
        a1_0.title,
        a1_0.updated_at 
    from
        announcements a1_0 
    where
        a1_0.priority=?
Hibernate: 
    select
        a1_0.id,
        a1_0.author,
        a1_0.content,
        a1_0.created_at,
        a1_0.date,
        a1_0.priority,
        a1_0.title,
        a1_0.updated_at 
    from
        announcements a1_0 
    where
        a1_0.priority=?
]]></system-out>
  </testcase>
</testsuite>