<?xml version="1.0" encoding="UTF-8"?>
<testsuite xmlns:xsi="http://www.w3.org/2001/XMLSchema-instance" xsi:noNamespaceSchemaLocation="https://maven.apache.org/surefire/maven-surefire-plugin/xsd/surefire-test-report-3.0.xsd" version="3.0" name="com.nxtclass.TestRunner" time="19.153" tests="1" errors="0" skipped="0" failures="0">
  <properties>
[...]
</properties>
  <testcase name="contextLoads" classname="com.nxtclass.TestRunner" time="1.086">
    <system-out><![CDATA[21:45:44.834 [main] INFO org.springframework.test.context.support.AnnotationConfigContextLoaderUtils -- Could not detect default configuration classes for test class [com.nxtclass.TestRunner]: TestRunner does not declare any static, non-private, non-final, nested classes annotated with @Configuration.
21:45:45.120 [main] INFO org.springframework.boot.test.context.SpringBootTestContextBootstrapper -- Found @SpringBootConfiguration com.nxtclass.BackendApplication for test class com.nxtclass.TestRunner
21:45:45.472 [main] INFO org.springframework.boot.devtools.restart.RestartApplicationListener -- Restart disabled due to context in which it is running

  .   ____          _            __ _ _
 /\\ / ___'_ __ _ _(_)_ __  __ _ \ \ \ \
( ( )\___ | '_ | '_| | '_ \/ _` | \ \ \ \
 \\/  ___)| |_)| | | | | || (_| |  ) ) ) )
  '  |____| .__|_| |_|_| |_\__, | / / / /
 =========|_|==============|___/=/_/_/_/
 :: Spring Boot ::                (v3.2.0)

2025-10-21T21:45:46.233Z  INFO 3063 --- [nxt-class-backend] [           main] com.nxtclass.TestRunner                  : Starting TestRunner using Java 21.0.8 with PID 3063 (started by ubuntu in /workspace/backend)
2025-10-21T21:45:46.238Z DEBUG 3063 --- [nxt-class-backend] [           main] com.nxtclass.TestRunner                  : Running with Spring Boot v3.2.0, Spring v6.1.1
2025-10-21T21:45:46.239Z  INFO 3063 --- [nxt-class-backend] [           main] com.nxtclass.TestRunner                  : The following 1 profile is active: "test"
2025-10-21T21:45:48.657Z  INFO 3063 --- [nxt-class-backend] [           main] .s.d.r.c.RepositoryConfigurationDelegate : Bootstrapping Spring Data JPA repositories in DEFAULT mode.
2025-10-21T21:45:48.809Z  INFO 3063 --- [nxt-class-backend] [           main] .s.d.r.c.RepositoryConfigurationDelegate : Finished Spring Data repository scanning in 133 ms. Found 4 JPA repository interfaces.
2025-10-21T21:45:50.866Z  INFO 3063 --- [nxt-class-backend] [           main] o.hibernate.jpa.internal.util.LogHelper  : HHH000204: Processing PersistenceUnitInfo [name: default]
2025-10-21T21:45:50.987Z  INFO 3063 --- [nxt-class-backend] [           main] org.hibernate.Version                    : HHH000412: Hibernate ORM core version 6.3.1.Final
2025-10-21T21:45:51.074Z  INFO 3063 --- [nxt-class-backend] [           main] o.h.c.internal.RegionFactoryInitiator    : HHH000026: Second-level cache disabled
2025-10-21T21:45:51.559Z  INFO 3063 --- [nxt-class-backend] [           main] o.s.o.j.p.SpringPersistenceUnitInfo      : No LoadTimeWeaver setup: ignoring JPA class transformer
2025-10-21T21:45:51.618Z  INFO 3063 --- [nxt-class-backend] [           main] com.zaxxer.hikari.HikariDataSource       : HikariPool-1 - Starting...
2025-10-21T21:45:52.130Z  INFO 3063 --- [nxt-class-backend] [           main] com.zaxxer.hikari.pool.HikariPool        : HikariPool-1 - Added connection conn0: url=jdbc:h2:mem:testdb user=SA
2025-10-21T21:45:52.136Z  INFO 3063 --- [nxt-class-backend] [           main] com.zaxxer.hikari.HikariDataSource       : HikariPool-1 - Start completed.
2025-10-21T21:45:52.188Z  WARN 3063 --- [nxt-class-backend] [           main] org.hibernate.orm.deprecation            : HHH90000025: H2Dialect does not need to be specified explicitly using 'hibernate.dialect' (remove the property setting and it will be selected by default)
2025-10-21T21:45:54.200Z  INFO 3063 --- [nxt-class-backend] [           main] o.h.e.t.j.p.i.JtaPlatformInitiator       : HHH000489: No JTA platform available (set 'hibernate.transaction.jta.platform' to enable JTA platform integration)
2025-10-21T21:45:54.241Z DEBUG 3063 --- [nxt-class-backend] [           main] org.hibernate.SQL                        : 
    drop table if exists announcements cascade 
Hibernate: 
    drop table if exists announcements cascade 
2025-10-21T21:45:54.251Z DEBUG 3063 --- [nxt-class-backend] [           main] org.hibernate.SQL                        : 
    drop table if exists assignments cascade 
Hibernate: 
    drop table if exists assignments cascade 
2025-10-21T21:45:54.252Z DEBUG 3063 --- [nxt-class-backend] [           main] org.hibernate.SQL                        : 
    drop table if exists class_sessions cascade 
Hibernate: 
    drop table if exists class_sessions cascade 
2025-10-21T21:45:54.252Z DEBUG 3063 --- [nxt-class-backend] [           main] org.hibernate.SQL                        : 
    drop table if exists users cascade 
Hibernate: 
    drop table if exists users cascade 
2025-10-21T21:45:54.264Z DEBUG 3063 --- [nxt-class-backend] [           main] org.hibernate.SQL                        : 
    create table announcements (
        date date not null,
        created_at timestamp(6) not null,
        id bigint generated by default as identity,
        updated_at timestamp(6),
        author varchar(255) not null,
        content TEXT not null,
        priority varchar(255) not null check (priority in ('LOW','MEDIUM','HIGH')),
        title varchar(255) not null,
        primary key (id)
    )
Hibernate: 
    create table announcements (
        date date not null,
        created_at timestamp(6) not null,
        id bigint generated by default as identity,
        updated_at timestamp(6),
        author varchar(255) not null,
        content TEXT not null,
        priority varchar(255) not null check (priority in ('LOW','MEDIUM','HIGH')),
        title varchar(255) not null,
        primary key (id)
    )
2025-10-21T21:45:54.304Z DEBUG 3063 --- [nxt-class-backend] [           main] org.hibernate.SQL                        : 
    create table assignments (
        due_date date not null,
        grade integer,
        total_points integer not null,
        created_at timestamp(6) not null,
        id bigint generated by default as identity,
        updated_at timestamp(6),
        description TEXT,
        status varchar(255) not null check (status in ('PENDING','SUBMITTED','GRADED')),
        subject varchar(255) not null,
        title varchar(255) not null,
        primary key (id)
    )
Hibernate: 
    create table assignments (
        due_date date not null,
        grade integer,
        total_points integer not null,
        created_at timestamp(6) not null,
        id bigint generated by default as identity,
        updated_at timestamp(6),
        description TEXT,
        status varchar(255) not null check (status in ('PENDING','SUBMITTED','GRADED')),
        subject varchar(255) not null,
        title varchar(255) not null,
        primary key (id)
    )
2025-10-21T21:45:54.313Z DEBUG 3063 --- [nxt-class-backend] [           main] org.hibernate.SQL                        : 
    create table class_sessions (
        date date not null,
        duration integer not null,
        participants integer not null,
        time time(6) not null,
        created_at timestamp(6) not null,
        id bigint generated by default as identity,
        updated_at timestamp(6),
        status varchar(255) not null check (status in ('UPCOMING','LIVE','COMPLETED')),
        subject varchar(255) not null,
        teacher varchar(255) not null,
        title varchar(255) not null,
        primary key (id)
    )
Hibernate: 
    create table class_sessions (
        date date not null,
        duration integer not null,
        participants integer not null,
        time time(6) not null,
        created_at timestamp(6) not null,
        id bigint generated by default as identity,
        updated_at timestamp(6),
        status varchar(255) not null check (status in ('UPCOMING','LIVE','COMPLETED')),
        subject varchar(255) not null,
        teacher varchar(255) not null,
        title varchar(255) not null,
        primary key (id)
    )
2025-10-21T21:45:54.329Z DEBUG 3063 --- [nxt-class-backend] [           main] org.hibernate.SQL                        : 
    create table users (
        created_at timestamp(6) not null,
        id bigint generated by default as identity,
        updated_at timestamp(6),
        avatar_url varchar(255),
        email varchar(255) not null unique,
        name varchar(255) not null,
        organization varchar(255),
        password varchar(255) not null,
        role varchar(255) not null check (role in ('ORGADMIN','TEACHER','STUDENT')),
        status varchar(255) not null check (status in ('ACTIVE','INACTIVE')),
        primary key (id)
    )
Hibernate: 
    create table users (
        created_at timestamp(6) not null,
        id bigint generated by default as identity,
        updated_at timestamp(6),
        avatar_url varchar(255),
        email varchar(255) not null unique,
        name varchar(255) not null,
        organization varchar(255),
        password varchar(255) not null,
        role varchar(255) not null check (role in ('ORGADMIN','TEACHER','STUDENT')),
        status varchar(255) not null check (status in ('ACTIVE','INACTIVE')),
        primary key (id)
    )
2025-10-21T21:45:54.357Z  INFO 3063 --- [nxt-class-backend] [           main] j.LocalContainerEntityManagerFactoryBean : Initialized JPA EntityManagerFactory for persistence unit 'default'
2025-10-21T21:45:55.356Z  INFO 3063 --- [nxt-class-backend] [           main] o.s.d.j.r.query.QueryEnhancerFactory     : Hibernate is in classpath; If applicable, HQL parser will be used.
2025-10-21T21:45:57.075Z  WARN 3063 --- [nxt-class-backend] [           main] JpaBaseConfiguration$JpaWebConfiguration : spring.jpa.open-in-view is enabled by default. Therefore, database queries may be performed during view rendering. Explicitly configure spring.jpa.open-in-view to disable this warning
2025-10-21T21:45:57.159Z DEBUG 3063 --- [nxt-class-backend] [           main] swordEncoderAuthenticationManagerBuilder : No authenticationProviders and no parentAuthenticationManager defined. Returning null.
2025-10-21T21:45:58.786Z  INFO 3063 --- [nxt-class-backend] [           main] o.s.b.a.e.web.EndpointLinksResolver      : Exposing 3 endpoint(s) beneath base path '/actuator'
2025-10-21T21:45:59.007Z  INFO 3063 --- [nxt-class-backend] [           main] o.s.s.web.DefaultSecurityFilterChain     : Will secure any request with [org.springframework.security.web.session.DisableEncodeUrlFilter@26e199ed, org.springframework.security.web.context.request.async.WebAsyncManagerIntegrationFilter@46d8d38, org.springframework.security.web.context.SecurityContextHolderFilter@3d1f809, org.springframework.security.web.header.HeaderWriterFilter@6fd6d887, org.springframework.web.filter.CorsFilter@49de4263, org.springframework.security.web.authentication.logout.LogoutFilter@1992b8b, com.nxtclass.config.SecurityConfig$JwtAuthenticationFilter@6fa84885, org.springframework.security.web.savedrequest.RequestCacheAwareFilter@1c1bb1e7, org.springframework.security.web.servletapi.SecurityContextHolderAwareRequestFilter@39a6c7a6, org.springframework.security.web.authentication.AnonymousAuthenticationFilter@452c8a6c, org.springframework.security.web.session.SessionManagementFilter@6fc98c70, org.springframework.security.web.access.ExceptionTranslationFilter@125c443, org.springframework.security.web.access.intercept.AuthorizationFilter@5b9815b6]
2025-10-21T21:46:00.360Z  INFO 3063 --- [nxt-class-backend] [           main] o.s.b.a.h2.H2ConsoleAutoConfiguration    : H2 console available at '/h2-console'. Database available at 'jdbc:h2:mem:testdb'
2025-10-21T21:46:00.595Z  INFO 3063 --- [nxt-class-backend] [           main] com.nxtclass.TestRunner                  : Started TestRunner in 15.155 seconds (process running for 17.58)
2025-10-21T21:46:00.936Z DEBUG 3063 --- [nxt-class-backend] [           main] org.hibernate.SQL                        : 
    select
        count(*) 
    from
        users u1_0
Hibernate: 
    select
        count(*) 
    from
        users u1_0
2025-10-21T21:46:01.366Z DEBUG 3063 --- [nxt-class-backend] [           main] org.hibernate.SQL                        : 
    insert 
    into
        users
        (avatar_url, created_at, email, name, organization, password, role, status, updated_at, id) 
    values
        (?, ?, ?, ?, ?, ?, ?, ?, ?, default)
Hibernate: 
    insert 
    into
        users
        (avatar_url, created_at, email, name, organization, password, role, status, updated_at, id) 
    values
        (?, ?, ?, ?, ?, ?, ?, ?, ?, default)
2025-10-21T21:46:01.560Z DEBUG 3063 --- [nxt-class-backend] [           main] org.hibernate.SQL                        : 
    insert 
    into
        users
        (avatar_url, created_at, email, name, organization, password, role, status, updated_at, id) 
    values
        (?, ?, ?, ?, ?, ?, ?, ?, ?, default)
Hibernate: 
    insert 
    into
        users
        (avatar_url, created_at, email, name, organization, password, role, status, updated_at, id) 
    values
        (?, ?, ?, ?, ?, ?, ?, ?, ?, default)
2025-10-21T21:46:01.766Z DEBUG 3063 --- [nxt-class-backend] [           main] org.hibernate.SQL                        : 
    insert 
    into
        users
        (avatar_url, created_at, email, name, organization, password, role, status, updated_at, id) 
    values
        (?, ?, ?, ?, ?, ?, ?, ?, ?, default)
Hibernate: 
    insert 
    into
        users
        (avatar_url, created_at, email, name, organization, password, role, status, updated_at, id) 
    values
        (?, ?, ?, ?, ?, ?, ?, ?, ?, default)
2025-10-21T21:46:01.912Z DEBUG 3063 --- [nxt-class-backend] [           main] org.hibernate.SQL                        : 
    insert 
    into
        users
        (avatar_url, created_at, email, name, organization, password, role, status, updated_at, id) 
    values
        (?, ?, ?, ?, ?, ?, ?, ?, ?, default)
Hibernate: 
    insert 
    into
        users
        (avatar_url, created_at, email, name, organization, password, role, status, updated_at, id) 
    values
        (?, ?, ?, ?, ?, ?, ?, ?, ?, default)
2025-10-21T21:46:02.116Z DEBUG 3063 --- [nxt-class-backend] [           main] org.hibernate.SQL                        : 
    insert 
    into
        users
        (avatar_url, created_at, email, name, organization, password, role, status, updated_at, id) 
    values
        (?, ?, ?, ?, ?, ?, ?, ?, ?, default)
Hibernate: 
    insert 
    into
        users
        (avatar_url, created_at, email, name, organization, password, role, status, updated_at, id) 
    values
        (?, ?, ?, ?, ?, ?, ?, ?, ?, default)
2025-10-21T21:46:02.292Z DEBUG 3063 --- [nxt-class-backend] [           main] org.hibernate.SQL                        : 
    insert 
    into
        users
        (avatar_url, created_at, email, name, organization, password, role, status, updated_at, id) 
    values
        (?, ?, ?, ?, ?, ?, ?, ?, ?, default)
Hibernate: 
    insert 
    into
        users
        (avatar_url, created_at, email, name, organization, password, role, status, updated_at, id) 
    values
        (?, ?, ?, ?, ?, ?, ?, ?, ?, default)
2025-10-21T21:46:02.317Z DEBUG 3063 --- [nxt-class-backend] [           main] org.hibernate.SQL                        : 
    insert 
    into
        class_sessions
        (created_at, date, duration, participants, status, subject, teacher, time, title, updated_at, id) 
    values
        (?, ?, ?, ?, ?, ?, ?, ?, ?, ?, default)
Hibernate: 
    insert 
    into
        class_sessions
        (created_at, date, duration, participants, status, subject, teacher, time, title, updated_at, id) 
    values
        (?, ?, ?, ?, ?, ?, ?, ?, ?, ?, default)
2025-10-21T21:46:02.330Z DEBUG 3063 --- [nxt-class-backend] [           main] org.hibernate.SQL                        : 
    insert 
    into
        class_sessions
        (created_at, date, duration, participants, status, subject, teacher, time, title, updated_at, id) 
    values
        (?, ?, ?, ?, ?, ?, ?, ?, ?, ?, default)
Hibernate: 
    insert 
    into
        class_sessions
        (created_at, date, duration, participants, status, subject, teacher, time, title, updated_at, id) 
    values
        (?, ?, ?, ?, ?, ?, ?, ?, ?, ?, default)
2025-10-21T21:46:02.338Z DEBUG 3063 --- [nxt-class-backend] [           main] org.hibernate.SQL                        : 
    insert 
    into
        class_sessions
        (created_at, date, duration, participants, status, subject, teacher, time, title, updated_at, id) 
    values
        (?, ?, ?, ?, ?, ?, ?, ?, ?, ?, default)
Hibernate: 
    insert 
    into
        class_sessions
        (created_at, date, duration, participants, status, subject, teacher, time, title, updated_at, id) 
    values
        (?, ?, ?, ?, ?, ?, ?, ?, ?, ?, default)
2025-10-21T21:46:02.354Z DEBUG 3063 --- [nxt-class-backend] [           main] org.hibernate.SQL                        : 
    insert 
    into
        assignments
        (created_at, description, due_date, grade, status, subject, title, total_points, updated_at, id) 
    values
        (?, ?, ?, ?, ?, ?, ?, ?, ?, default)
Hibernate: 
    insert 
    into
        assignments
        (created_at, description, due_date, grade, status, subject, title, total_points, updated_at, id) 
    values
        (?, ?, ?, ?, ?, ?, ?, ?, ?, default)
2025-10-21T21:46:02.368Z DEBUG 3063 --- [nxt-class-backend] [           main] org.hibernate.SQL                        : 
    insert 
    into
        assignments
        (created_at, description, due_date, grade, status, subject, title, total_points, updated_at, id) 
    values
        (?, ?, ?, ?, ?, ?, ?, ?, ?, default)
Hibernate: 
    insert 
    into
        assignments
        (created_at, description, due_date, grade, status, subject, title, total_points, updated_at, id) 
    values
        (?, ?, ?, ?, ?, ?, ?, ?, ?, default)
2025-10-21T21:46:02.371Z DEBUG 3063 --- [nxt-class-backend] [           main] org.hibernate.SQL                        : 
    insert 
    into
        assignments
        (created_at, description, due_date, grade, status, subject, title, total_points, updated_at, id) 
    values
        (?, ?, ?, ?, ?, ?, ?, ?, ?, default)
Hibernate: 
    insert 
    into
        assignments
        (created_at, description, due_date, grade, status, subject, title, total_points, updated_at, id) 
    values
        (?, ?, ?, ?, ?, ?, ?, ?, ?, default)
2025-10-21T21:46:02.382Z DEBUG 3063 --- [nxt-class-backend] [           main] org.hibernate.SQL                        : 
    insert 
    into
        assignments
        (created_at, description, due_date, grade, status, subject, title, total_points, updated_at, id) 
    values
        (?, ?, ?, ?, ?, ?, ?, ?, ?, default)
Hibernate: 
    insert 
    into
        assignments
        (created_at, description, due_date, grade, status, subject, title, total_points, updated_at, id) 
    values
        (?, ?, ?, ?, ?, ?, ?, ?, ?, default)
2025-10-21T21:46:02.400Z DEBUG 3063 --- [nxt-class-backend] [           main] org.hibernate.SQL                        : 
    insert 
    into
        announcements
        (author, content, created_at, date, priority, title, updated_at, id) 
    values
        (?, ?, ?, ?, ?, ?, ?, default)
Hibernate: 
    insert 
    into
        announcements
        (author, content, created_at, date, priority, title, updated_at, id) 
    values
        (?, ?, ?, ?, ?, ?, ?, default)
2025-10-21T21:46:02.408Z DEBUG 3063 --- [nxt-class-backend] [           main] org.hibernate.SQL                        : 
    insert 
    into
        announcements
        (author, content, created_at, date, priority, title, updated_at, id) 
    values
        (?, ?, ?, ?, ?, ?, ?, default)
Hibernate: 
    insert 
    into
        announcements
        (author, content, created_at, date, priority, title, updated_at, id) 
    values
        (?, ?, ?, ?, ?, ?, ?, default)
2025-10-21T21:46:02.417Z DEBUG 3063 --- [nxt-class-backend] [           main] org.hibernate.SQL                        : 
    insert 
    into
        announcements
        (author, content, created_at, date, priority, title, updated_at, id) 
    values
        (?, ?, ?, ?, ?, ?, ?, default)
Hibernate: 
    insert 
    into
        announcements
        (author, content, created_at, date, priority, title, updated_at, id) 
    values
        (?, ?, ?, ?, ?, ?, ?, default)
]]></system-out>
    <system-err><![CDATA[WARNING: A Java agent has been loaded dynamically (/home/ubuntu/.m2/repository/net/bytebuddy/byte-buddy-agent/1.14.10/byte-buddy-agent-1.14.10.jar)
WARNING: If a serviceability tool is in use, please run with -XX:+EnableDynamicAgentLoading to hide this warning
WARNING: If a serviceability tool is not in use, please run with -Djdk.instrument.traceUsage for more information
WARNING: Dynamic loading of agents will be disallowed by default in a future release
]]></system-err>
  </testcase>
</testsuite>